INFO:root:Init Setup3
INFO:root:* add_point: Point2D(-1/2, 0)
INFO:root:  + Point2D(-1/2, 0)
INFO:root:* add_point: Point2D(1/2, 0)
INFO:root:  + Point2D(1/2, 0)
INFO:root:* add_element: Line2D(Point2D(-1/2, 0), Point2D(1/2, 0))
INFO:root:* add_intersection_points: Line2D(Point2D(-1/2, 0), Point2D(1/2, 0))
INFO:root:  + Line2D(Point2D(-1/2, 0), Point2D(1/2, 0))
INFO:root:* add_element: Circle(Point2D(-1/2, 0), 1)
INFO:root:* add_intersection_points: Circle(Point2D(-1/2, 0), 1)
INFO:root:* add_point: Point2D(-3/2, 0)
INFO:root:  + Point2D(-3/2, 0)
INFO:root:* add_point: Point2D(1/2, 0)
INFO:root:  ! Point2D(1/2, 0) found at index: 1
INFO:root:    > diff: -y**2 + y - (x + 1/2)**2 + 1
INFO:root:  + Circle(Point2D(-1/2, 0), 1)
INFO:root:* add_element: Circle(Point2D(1/2, 0), 1)
INFO:root:* add_intersection_points: Circle(Point2D(1/2, 0), 1)
INFO:root:* add_point: Point2D(-1/2, 0)
INFO:root:  ! Point2D(-1/2, 0) found at index: 0
INFO:root:* add_point: Point2D(3/2, 0)
INFO:root:  + Point2D(3/2, 0)
INFO:root:* add_point: Point2D(0, -sqrt(3)/2)
INFO:root:  + Point2D(0, -sqrt(3)/2)
INFO:root:* add_point: Point2D(0, sqrt(3)/2)
INFO:root:  + Point2D(0, sqrt(3)/2)
INFO:root:    > diff: -y**2 + y - (x - 1/2)**2 + 1
INFO:root:  + Circle(Point2D(1/2, 0), 1)
INFO:root:* add_element: Line2D(Point2D(0, -sqrt(3)/2), Point2D(0, sqrt(3)/2))
INFO:root:* add_intersection_points: Line2D(Point2D(0, -sqrt(3)/2), Point2D(0, sqrt(3)/2))
INFO:root:* add_point: Point2D(0, 0)
INFO:root:  + Point2D(0, 0)
INFO:root:* add_point: Point2D(0, -sqrt(3)/2)
INFO:root:  ! Point2D(0, -sqrt(3)/2) found at index: 4
INFO:root:* add_point: Point2D(0, sqrt(3)/2)
INFO:root:  ! Point2D(0, sqrt(3)/2) found at index: 5
INFO:root:* add_point: Point2D(0, -sqrt(3)/2)
INFO:root:  ! Point2D(0, -sqrt(3)/2) found at index: 4
INFO:root:* add_point: Point2D(0, sqrt(3)/2)
INFO:root:  ! Point2D(0, sqrt(3)/2) found at index: 5
INFO:root:    > diff: -x + y
INFO:root:  + Line2D(Point2D(0, -sqrt(3)/2), Point2D(0, sqrt(3)/2))
INFO:root:Init Setup3
INFO:root:* add_point: Point2D(-1/2, 0)
INFO:root:  + Point2D(-1/2, 0)
INFO:root:* add_point: Point2D(1/2, 0)
INFO:root:  + Point2D(1/2, 0)
INFO:root:* add_element: Line2D(Point2D(-1/2, 0), Point2D(1/2, 0))
INFO:root:* add_intersection_points: Line2D(Point2D(-1/2, 0), Point2D(1/2, 0))
INFO:root:  + Line2D(Point2D(-1/2, 0), Point2D(1/2, 0))
INFO:root:* add_element: Circle(Point2D(-1/2, 0), 1)
INFO:root:* add_intersection_points: Circle(Point2D(-1/2, 0), 1)
INFO:root:* add_point: Point2D(-3/2, 0)
INFO:root:  + Point2D(-3/2, 0)
INFO:root:* add_point: Point2D(1/2, 0)
INFO:root:  ! Point2D(1/2, 0) found at index: 1
INFO:root:    > diff: -y**2 + y - (x + 1/2)**2 + 1
INFO:root:  + Circle(Point2D(-1/2, 0), 1)
INFO:root:* add_element: Circle(Point2D(1/2, 0), 1)
INFO:root:* add_intersection_points: Circle(Point2D(1/2, 0), 1)
INFO:root:* add_point: Point2D(-1/2, 0)
INFO:root:  ! Point2D(-1/2, 0) found at index: 0
INFO:root:* add_point: Point2D(3/2, 0)
INFO:root:  + Point2D(3/2, 0)
INFO:root:* add_point: Point2D(0, -sqrt(3)/2)
INFO:root:  + Point2D(0, -sqrt(3)/2)
INFO:root:* add_point: Point2D(0, sqrt(3)/2)
INFO:root:  + Point2D(0, sqrt(3)/2)
INFO:root:    > diff: -y**2 + y - (x - 1/2)**2 + 1
INFO:root:  + Circle(Point2D(1/2, 0), 1)
INFO:root:* add_element: Line2D(Point2D(0, -sqrt(3)/2), Point2D(0, sqrt(3)/2))
INFO:root:* add_intersection_points: Line2D(Point2D(0, -sqrt(3)/2), Point2D(0, sqrt(3)/2))
INFO:root:* add_point: Point2D(0, 0)
INFO:root:  + Point2D(0, 0)
INFO:root:* add_point: Point2D(0, -sqrt(3)/2)
INFO:root:  ! Point2D(0, -sqrt(3)/2) found at index: 4
INFO:root:* add_point: Point2D(0, sqrt(3)/2)
INFO:root:  ! Point2D(0, sqrt(3)/2) found at index: 5
INFO:root:* add_point: Point2D(0, -sqrt(3)/2)
INFO:root:  ! Point2D(0, -sqrt(3)/2) found at index: 4
INFO:root:* add_point: Point2D(0, sqrt(3)/2)
INFO:root:  ! Point2D(0, sqrt(3)/2) found at index: 5
INFO:root:    > diff: -x + y
INFO:root:  + Line2D(Point2D(0, -sqrt(3)/2), Point2D(0, sqrt(3)/2))
INFO:root:Init Setup3
INFO:root:* add_point: Point2D(-1/2, 0)
INFO:root:  + Point2D(-1/2, 0)
INFO:root:* add_point: Point2D(1/2, 0)
INFO:root:  + Point2D(1/2, 0)
INFO:root:* add_element: Line2D(Point2D(-1/2, 0), Point2D(1/2, 0))
INFO:root:* add_intersection_points: Line2D(Point2D(-1/2, 0), Point2D(1/2, 0))
INFO:root:  + Line2D(Point2D(-1/2, 0), Point2D(1/2, 0))
INFO:root:* add_element: Circle(Point2D(-1/2, 0), 1)
INFO:root:* add_intersection_points: Circle(Point2D(-1/2, 0), 1)
INFO:root:* add_point: Point2D(-3/2, 0)
INFO:root:  + Point2D(-3/2, 0)
INFO:root:* add_point: Point2D(1/2, 0)
INFO:root:  ! Point2D(1/2, 0) found at index: 1
INFO:root:    > diff: -y**2 + y - (x + 1/2)**2 + 1
INFO:root:  + Circle(Point2D(-1/2, 0), 1)
INFO:root:* add_element: Circle(Point2D(1/2, 0), 1)
INFO:root:* add_intersection_points: Circle(Point2D(1/2, 0), 1)
INFO:root:* add_point: Point2D(-1/2, 0)
INFO:root:  ! Point2D(-1/2, 0) found at index: 0
INFO:root:* add_point: Point2D(3/2, 0)
INFO:root:  + Point2D(3/2, 0)
INFO:root:* add_point: Point2D(0, -sqrt(3)/2)
INFO:root:  + Point2D(0, -sqrt(3)/2)
INFO:root:* add_point: Point2D(0, sqrt(3)/2)
INFO:root:  + Point2D(0, sqrt(3)/2)
INFO:root:    > diff: -y**2 + y - (x - 1/2)**2 + 1
INFO:root:  + Circle(Point2D(1/2, 0), 1)
INFO:root:* add_element: Line2D(Point2D(0, -sqrt(3)/2), Point2D(0, sqrt(3)/2))
INFO:root:* add_intersection_points: Line2D(Point2D(0, -sqrt(3)/2), Point2D(0, sqrt(3)/2))
INFO:root:* add_point: Point2D(0, 0)
INFO:root:  + Point2D(0, 0)
INFO:root:* add_point: Point2D(0, -sqrt(3)/2)
INFO:root:  ! Point2D(0, -sqrt(3)/2) found at index: 4
INFO:root:* add_point: Point2D(0, sqrt(3)/2)
INFO:root:  ! Point2D(0, sqrt(3)/2) found at index: 5
INFO:root:* add_point: Point2D(0, -sqrt(3)/2)
INFO:root:  ! Point2D(0, -sqrt(3)/2) found at index: 4
INFO:root:* add_point: Point2D(0, sqrt(3)/2)
INFO:root:  ! Point2D(0, sqrt(3)/2) found at index: 5
INFO:root:    > diff: -x + y
INFO:root:  + Line2D(Point2D(0, -sqrt(3)/2), Point2D(0, sqrt(3)/2))
INFO:root:* add_element: Line2D(Point2D(-1/2, 0), Point2D(3/2, 0))
INFO:root:* add_intersection_points: Line2D(Point2D(-1/2, 0), Point2D(3/2, 0))
INFO:root:* add_point: Line2D(Point2D(-1/2, 0), Point2D(1/2, 0))
INFO:root:* add_point: Point2D(-3/2, 0)
INFO:root:  ! Point2D(-3/2, 0) found at index: 2
INFO:root:* add_point: Point2D(1/2, 0)
INFO:root:  ! Point2D(1/2, 0) found at index: 1
INFO:root:* add_point: Point2D(-1/2, 0)
INFO:root:  ! Point2D(-1/2, 0) found at index: 0
INFO:root:* add_point: Point2D(3/2, 0)
INFO:root:  ! Point2D(3/2, 0) found at index: 3
INFO:root:* add_point: Point2D(0, 0)
INFO:root:  ! Point2D(0, 0) found at index: 6
INFO:root:    > diff: 0
INFO:root:
            ! COINCIDENT
                Line2D(Point2D(-1/2, 0), Point2D(3/2, 0))
                Line2D(Point2D(-1/2, 0), Point2D(1/2, 0))
                
INFO:root:* add_element: Circle(Point2D(-1/2, 0), 2)
INFO:root:* add_intersection_points: Circle(Point2D(-1/2, 0), 2)
INFO:root:* add_point: Point2D(-5/2, 0)
INFO:root:  + Point2D(-5/2, 0)
INFO:root:* add_point: Point2D(3/2, 0)
INFO:root:  ! Point2D(3/2, 0) found at index: 3
INFO:root:* add_point: Point2D(3/2, 0)
INFO:root:  ! Point2D(3/2, 0) found at index: 3
INFO:root:* add_point: Point2D(0, -sqrt(15)/2)
INFO:root:  + Point2D(0, -sqrt(15)/2)
INFO:root:* add_point: Point2D(0, sqrt(15)/2)
INFO:root:  + Point2D(0, sqrt(15)/2)
INFO:root:    > diff: -y**2 + y - (x + 1/2)**2 + 4
INFO:root:  + Circle(Point2D(-1/2, 0), 2)
INFO:root:* add_element: Circle(Point2D(3/2, 0), 2)
INFO:root:* add_intersection_points: Circle(Point2D(3/2, 0), 2)
INFO:root:* add_point: Point2D(-1/2, 0)
INFO:root:  ! Point2D(-1/2, 0) found at index: 0
INFO:root:* add_point: Point2D(7/2, 0)
INFO:root:  + Point2D(7/2, 0)
INFO:root:* add_point: Point2D(-1/4, -sqrt(15)/4)
INFO:root:  + Point2D(-1/4, -sqrt(15)/4)
INFO:root:* add_point: Point2D(-1/4, sqrt(15)/4)
INFO:root:  + Point2D(-1/4, sqrt(15)/4)
INFO:root:* add_point: Point2D(-1/2, 0)
INFO:root:  ! Point2D(-1/2, 0) found at index: 0
INFO:root:* add_point: Point2D(0, -sqrt(7)/2)
INFO:root:  + Point2D(0, -sqrt(7)/2)
INFO:root:* add_point: Point2D(0, sqrt(7)/2)
INFO:root:  + Point2D(0, sqrt(7)/2)
INFO:root:* add_point: Point2D(1/2, sqrt(3))
INFO:root:  + Point2D(1/2, sqrt(3))
INFO:root:* add_point: Point2D(1/2, -sqrt(3))
INFO:root:  + Point2D(1/2, -sqrt(3))
INFO:root:    > diff: -y**2 + y - (x - 3/2)**2 + 4
INFO:root:  + Circle(Point2D(3/2, 0), 2)
INFO:root:* add_element: Line2D(Point2D(1/2, sqrt(3)), Point2D(1/2, -sqrt(3)))
INFO:root:* add_intersection_points: Line2D(Point2D(1/2, sqrt(3)), Point2D(1/2, -sqrt(3)))
INFO:root:* add_point: Point2D(1/2, 0)
INFO:root:  ! Point2D(1/2, 0) found at index: 1
INFO:root:* add_point: Point2D(1/2, 0)
INFO:root:  ! Point2D(1/2, 0) found at index: 1
INFO:root:* add_point: Point2D(1/2, -1)
INFO:root:  + Point2D(1/2, -1)
INFO:root:* add_point: Point2D(1/2, 1)
INFO:root:  + Point2D(1/2, 1)
INFO:root:* add_point: Point2D(1/2, sqrt(3))
INFO:root:  ! Point2D(1/2, sqrt(3)) found at index: 15
INFO:root:* add_point: Point2D(1/2, -sqrt(3))
INFO:root:  ! Point2D(1/2, -sqrt(3)) found at index: 16
INFO:root:* add_point: Point2D(1/2, sqrt(3))
INFO:root:  ! Point2D(1/2, sqrt(3)) found at index: 15
INFO:root:* add_point: Point2D(1/2, -sqrt(3))
INFO:root:  ! Point2D(1/2, -sqrt(3)) found at index: 16
INFO:root:    > diff: -x + y + 1/2
INFO:root:  + Line2D(Point2D(1/2, sqrt(3)), Point2D(1/2, -sqrt(3)))
INFO:root:Init Setup3
INFO:root:* add_point: Point2D(-1/2, 0)
INFO:root:  + Point2D(-1/2, 0)
INFO:root:* add_point: Point2D(1/2, 0)
INFO:root:  + Point2D(1/2, 0)
INFO:root:* add_element: Line2D(Point2D(-1/2, 0), Point2D(1/2, 0))
INFO:root:* add_intersection_points: Line2D(Point2D(-1/2, 0), Point2D(1/2, 0))
INFO:root:  + Line2D(Point2D(-1/2, 0), Point2D(1/2, 0))
INFO:root:* add_element: Circle(Point2D(-1/2, 0), 1)
INFO:root:* add_intersection_points: Circle(Point2D(-1/2, 0), 1)
INFO:root:* add_point: Point2D(-3/2, 0)
INFO:root:  + Point2D(-3/2, 0)
INFO:root:* add_point: Point2D(1/2, 0)
INFO:root:  ! Point2D(1/2, 0) found at index: 1
INFO:root:    > diff: -y**2 + y - (x + 1/2)**2 + 1
INFO:root:  + Circle(Point2D(-1/2, 0), 1)
INFO:root:* add_element: Circle(Point2D(1/2, 0), 1)
INFO:root:* add_intersection_points: Circle(Point2D(1/2, 0), 1)
INFO:root:* add_point: Point2D(-1/2, 0)
INFO:root:  ! Point2D(-1/2, 0) found at index: 0
INFO:root:* add_point: Point2D(3/2, 0)
INFO:root:  + Point2D(3/2, 0)
INFO:root:* add_point: Point2D(0, -sqrt(3)/2)
INFO:root:  + Point2D(0, -sqrt(3)/2)
INFO:root:* add_point: Point2D(0, sqrt(3)/2)
INFO:root:  + Point2D(0, sqrt(3)/2)
INFO:root:    > diff: -y**2 + y - (x - 1/2)**2 + 1
INFO:root:  + Circle(Point2D(1/2, 0), 1)
INFO:root:* add_element: Line2D(Point2D(0, -sqrt(3)/2), Point2D(0, sqrt(3)/2))
INFO:root:* add_intersection_points: Line2D(Point2D(0, -sqrt(3)/2), Point2D(0, sqrt(3)/2))
INFO:root:* add_point: Point2D(0, 0)
INFO:root:  + Point2D(0, 0)
INFO:root:* add_point: Point2D(0, -sqrt(3)/2)
INFO:root:  ! Point2D(0, -sqrt(3)/2) found at index: 4
INFO:root:* add_point: Point2D(0, sqrt(3)/2)
INFO:root:  ! Point2D(0, sqrt(3)/2) found at index: 5
INFO:root:* add_point: Point2D(0, -sqrt(3)/2)
INFO:root:  ! Point2D(0, -sqrt(3)/2) found at index: 4
INFO:root:* add_point: Point2D(0, sqrt(3)/2)
INFO:root:  ! Point2D(0, sqrt(3)/2) found at index: 5
INFO:root:    > diff: -x + y
INFO:root:  + Line2D(Point2D(0, -sqrt(3)/2), Point2D(0, sqrt(3)/2))
INFO:root:* add_element: Line2D(Point2D(-1/2, 0), Point2D(3/2, 0))
INFO:root:* add_intersection_points: Line2D(Point2D(-1/2, 0), Point2D(3/2, 0))
INFO:root:* add_point: Line2D(Point2D(-1/2, 0), Point2D(1/2, 0))
INFO:root:* add_point: Point2D(-3/2, 0)
INFO:root:  ! Point2D(-3/2, 0) found at index: 2
INFO:root:* add_point: Point2D(1/2, 0)
INFO:root:  ! Point2D(1/2, 0) found at index: 1
INFO:root:* add_point: Point2D(-1/2, 0)
INFO:root:  ! Point2D(-1/2, 0) found at index: 0
INFO:root:* add_point: Point2D(3/2, 0)
INFO:root:  ! Point2D(3/2, 0) found at index: 3
INFO:root:* add_point: Point2D(0, 0)
INFO:root:  ! Point2D(0, 0) found at index: 6
INFO:root:    > diff: 0
INFO:root:
            ! COINCIDENT
                Line2D(Point2D(-1/2, 0), Point2D(3/2, 0))
                Line2D(Point2D(-1/2, 0), Point2D(1/2, 0))
                
INFO:root:* add_element: Circle(Point2D(-1/2, 0), 2)
INFO:root:* add_intersection_points: Circle(Point2D(-1/2, 0), 2)
INFO:root:* add_point: Point2D(-5/2, 0)
INFO:root:  + Point2D(-5/2, 0)
INFO:root:* add_point: Point2D(3/2, 0)
INFO:root:  ! Point2D(3/2, 0) found at index: 3
INFO:root:* add_point: Point2D(3/2, 0)
INFO:root:  ! Point2D(3/2, 0) found at index: 3
INFO:root:* add_point: Point2D(0, -sqrt(15)/2)
INFO:root:  + Point2D(0, -sqrt(15)/2)
INFO:root:* add_point: Point2D(0, sqrt(15)/2)
INFO:root:  + Point2D(0, sqrt(15)/2)
INFO:root:    > diff: -y**2 + y - (x + 1/2)**2 + 4
INFO:root:  + Circle(Point2D(-1/2, 0), 2)
INFO:root:* add_element: Circle(Point2D(3/2, 0), 2)
INFO:root:* add_intersection_points: Circle(Point2D(3/2, 0), 2)
INFO:root:* add_point: Point2D(-1/2, 0)
INFO:root:  ! Point2D(-1/2, 0) found at index: 0
INFO:root:* add_point: Point2D(7/2, 0)
INFO:root:  + Point2D(7/2, 0)
INFO:root:* add_point: Point2D(-1/4, -sqrt(15)/4)
INFO:root:  + Point2D(-1/4, -sqrt(15)/4)
INFO:root:* add_point: Point2D(-1/4, sqrt(15)/4)
INFO:root:  + Point2D(-1/4, sqrt(15)/4)
INFO:root:* add_point: Point2D(-1/2, 0)
INFO:root:  ! Point2D(-1/2, 0) found at index: 0
INFO:root:* add_point: Point2D(0, -sqrt(7)/2)
INFO:root:  + Point2D(0, -sqrt(7)/2)
INFO:root:* add_point: Point2D(0, sqrt(7)/2)
INFO:root:  + Point2D(0, sqrt(7)/2)
INFO:root:* add_point: Point2D(1/2, sqrt(3))
INFO:root:  + Point2D(1/2, sqrt(3))
INFO:root:* add_point: Point2D(1/2, -sqrt(3))
INFO:root:  + Point2D(1/2, -sqrt(3))
INFO:root:    > diff: -y**2 + y - (x - 3/2)**2 + 4
INFO:root:  + Circle(Point2D(3/2, 0), 2)
INFO:root:* add_element: Line2D(Point2D(1/2, sqrt(3)), Point2D(1/2, -sqrt(3)))
INFO:root:* add_intersection_points: Line2D(Point2D(1/2, sqrt(3)), Point2D(1/2, -sqrt(3)))
INFO:root:* add_point: Point2D(1/2, 0)
INFO:root:  ! Point2D(1/2, 0) found at index: 1
INFO:root:* add_point: Point2D(1/2, 0)
INFO:root:  ! Point2D(1/2, 0) found at index: 1
INFO:root:* add_point: Point2D(1/2, -1)
INFO:root:  + Point2D(1/2, -1)
INFO:root:* add_point: Point2D(1/2, 1)
INFO:root:  + Point2D(1/2, 1)
INFO:root:* add_point: Point2D(1/2, sqrt(3))
INFO:root:  ! Point2D(1/2, sqrt(3)) found at index: 15
INFO:root:* add_point: Point2D(1/2, -sqrt(3))
INFO:root:  ! Point2D(1/2, -sqrt(3)) found at index: 16
INFO:root:* add_point: Point2D(1/2, sqrt(3))
INFO:root:  ! Point2D(1/2, sqrt(3)) found at index: 15
INFO:root:* add_point: Point2D(1/2, -sqrt(3))
INFO:root:  ! Point2D(1/2, -sqrt(3)) found at index: 16
INFO:root:    > diff: -x + y + 1/2
INFO:root:  + Line2D(Point2D(1/2, sqrt(3)), Point2D(1/2, -sqrt(3)))
INFO:root:Init Setup3
INFO:root:* add_point: Point2D(-1/2, 0)
INFO:root:  + Point2D(-1/2, 0)
INFO:root:* add_point: Point2D(1/2, 0)
INFO:root:  + Point2D(1/2, 0)
INFO:root:* add_element: Line2D(Point2D(-1/2, 0), Point2D(1/2, 0))
INFO:root:* add_intersection_points: Line2D(Point2D(-1/2, 0), Point2D(1/2, 0))
INFO:root:  + Line2D(Point2D(-1/2, 0), Point2D(1/2, 0))
INFO:root:* add_element: Circle(Point2D(-1/2, 0), 1)
INFO:root:* add_intersection_points: Circle(Point2D(-1/2, 0), 1)
INFO:root:* add_point: Point2D(-3/2, 0)
INFO:root:  + Point2D(-3/2, 0)
INFO:root:* add_point: Point2D(1/2, 0)
INFO:root:  ! Point2D(1/2, 0) found at index: 1
INFO:root:    > diff: -y**2 + y - (x + 1/2)**2 + 1
INFO:root:  + Circle(Point2D(-1/2, 0), 1)
INFO:root:* add_element: Circle(Point2D(1/2, 0), 1)
INFO:root:* add_intersection_points: Circle(Point2D(1/2, 0), 1)
INFO:root:* add_point: Point2D(-1/2, 0)
INFO:root:  ! Point2D(-1/2, 0) found at index: 0
INFO:root:* add_point: Point2D(3/2, 0)
INFO:root:  + Point2D(3/2, 0)
INFO:root:* add_point: Point2D(0, -sqrt(3)/2)
INFO:root:  + Point2D(0, -sqrt(3)/2)
INFO:root:* add_point: Point2D(0, sqrt(3)/2)
INFO:root:  + Point2D(0, sqrt(3)/2)
INFO:root:    > diff: -y**2 + y - (x - 1/2)**2 + 1
INFO:root:  + Circle(Point2D(1/2, 0), 1)
INFO:root:* add_element: Line2D(Point2D(0, -sqrt(3)/2), Point2D(0, sqrt(3)/2))
INFO:root:* add_intersection_points: Line2D(Point2D(0, -sqrt(3)/2), Point2D(0, sqrt(3)/2))
INFO:root:* add_point: Point2D(0, 0)
INFO:root:  + Point2D(0, 0)
INFO:root:* add_point: Point2D(0, -sqrt(3)/2)
INFO:root:  ! Point2D(0, -sqrt(3)/2) found at index: 4
INFO:root:* add_point: Point2D(0, sqrt(3)/2)
INFO:root:  ! Point2D(0, sqrt(3)/2) found at index: 5
INFO:root:* add_point: Point2D(0, -sqrt(3)/2)
INFO:root:  ! Point2D(0, -sqrt(3)/2) found at index: 4
INFO:root:* add_point: Point2D(0, sqrt(3)/2)
INFO:root:  ! Point2D(0, sqrt(3)/2) found at index: 5
INFO:root:    > diff: -x + y
INFO:root:  + Line2D(Point2D(0, -sqrt(3)/2), Point2D(0, sqrt(3)/2))
INFO:root:* add_element: Line2D(Point2D(-1/2, 0), Point2D(3/2, 0))
INFO:root:* add_intersection_points: Line2D(Point2D(-1/2, 0), Point2D(3/2, 0))
INFO:root:* add_point: Line2D(Point2D(-1/2, 0), Point2D(1/2, 0))
INFO:root:* add_point: Point2D(-3/2, 0)
INFO:root:  ! Point2D(-3/2, 0) found at index: 2
INFO:root:* add_point: Point2D(1/2, 0)
INFO:root:  ! Point2D(1/2, 0) found at index: 1
INFO:root:* add_point: Point2D(-1/2, 0)
INFO:root:  ! Point2D(-1/2, 0) found at index: 0
INFO:root:* add_point: Point2D(3/2, 0)
INFO:root:  ! Point2D(3/2, 0) found at index: 3
INFO:root:* add_point: Point2D(0, 0)
INFO:root:  ! Point2D(0, 0) found at index: 6
INFO:root:    > diff: 0
INFO:root:
            ! COINCIDENT
                Line2D(Point2D(-1/2, 0), Point2D(3/2, 0))
                Line2D(Point2D(-1/2, 0), Point2D(1/2, 0))
                
INFO:root:* add_element: Circle(Point2D(-1/2, 0), 2)
INFO:root:* add_intersection_points: Circle(Point2D(-1/2, 0), 2)
INFO:root:* add_point: Point2D(-5/2, 0)
INFO:root:  + Point2D(-5/2, 0)
INFO:root:* add_point: Point2D(3/2, 0)
INFO:root:  ! Point2D(3/2, 0) found at index: 3
INFO:root:* add_point: Point2D(3/2, 0)
INFO:root:  ! Point2D(3/2, 0) found at index: 3
INFO:root:* add_point: Point2D(0, -sqrt(15)/2)
INFO:root:  + Point2D(0, -sqrt(15)/2)
INFO:root:* add_point: Point2D(0, sqrt(15)/2)
INFO:root:  + Point2D(0, sqrt(15)/2)
INFO:root:    > diff: -y**2 + y - (x + 1/2)**2 + 4
INFO:root:  + Circle(Point2D(-1/2, 0), 2)
INFO:root:* add_element: Circle(Point2D(3/2, 0), 2)
INFO:root:* add_intersection_points: Circle(Point2D(3/2, 0), 2)
INFO:root:* add_point: Point2D(-1/2, 0)
INFO:root:  ! Point2D(-1/2, 0) found at index: 0
INFO:root:* add_point: Point2D(7/2, 0)
INFO:root:  + Point2D(7/2, 0)
INFO:root:* add_point: Point2D(-1/4, -sqrt(15)/4)
INFO:root:  + Point2D(-1/4, -sqrt(15)/4)
INFO:root:* add_point: Point2D(-1/4, sqrt(15)/4)
INFO:root:  + Point2D(-1/4, sqrt(15)/4)
INFO:root:* add_point: Point2D(-1/2, 0)
INFO:root:  ! Point2D(-1/2, 0) found at index: 0
INFO:root:* add_point: Point2D(0, -sqrt(7)/2)
INFO:root:  + Point2D(0, -sqrt(7)/2)
INFO:root:* add_point: Point2D(0, sqrt(7)/2)
INFO:root:  + Point2D(0, sqrt(7)/2)
INFO:root:* add_point: Point2D(1/2, sqrt(3))
INFO:root:  + Point2D(1/2, sqrt(3))
INFO:root:* add_point: Point2D(1/2, -sqrt(3))
INFO:root:  + Point2D(1/2, -sqrt(3))
INFO:root:    > diff: -y**2 + y - (x - 3/2)**2 + 4
INFO:root:  + Circle(Point2D(3/2, 0), 2)
INFO:root:* add_element: Line2D(Point2D(1/2, sqrt(3)), Point2D(1/2, -sqrt(3)))
INFO:root:* add_intersection_points: Line2D(Point2D(1/2, sqrt(3)), Point2D(1/2, -sqrt(3)))
INFO:root:* add_point: Point2D(1/2, 0)
INFO:root:  ! Point2D(1/2, 0) found at index: 1
INFO:root:* add_point: Point2D(1/2, 0)
INFO:root:  ! Point2D(1/2, 0) found at index: 1
INFO:root:* add_point: Point2D(1/2, -1)
INFO:root:  + Point2D(1/2, -1)
INFO:root:* add_point: Point2D(1/2, 1)
INFO:root:  + Point2D(1/2, 1)
INFO:root:* add_point: Point2D(1/2, sqrt(3))
INFO:root:  ! Point2D(1/2, sqrt(3)) found at index: 15
INFO:root:* add_point: Point2D(1/2, -sqrt(3))
INFO:root:  ! Point2D(1/2, -sqrt(3)) found at index: 16
INFO:root:* add_point: Point2D(1/2, sqrt(3))
INFO:root:  ! Point2D(1/2, sqrt(3)) found at index: 15
INFO:root:* add_point: Point2D(1/2, -sqrt(3))
INFO:root:  ! Point2D(1/2, -sqrt(3)) found at index: 16
INFO:root:    > diff: -x + y + 1/2
INFO:root:  + Line2D(Point2D(1/2, sqrt(3)), Point2D(1/2, -sqrt(3)))
INFO:root:* add_element: Line2D(Point2D(1/2, 0), Point2D(-3/2, 0))
INFO:root:* add_intersection_points: Line2D(Point2D(1/2, 0), Point2D(-3/2, 0))
INFO:root:* add_point: Line2D(Point2D(-1/2, 0), Point2D(1/2, 0))
INFO:root:* add_point: Point2D(-3/2, 0)
INFO:root:  ! Point2D(-3/2, 0) found at index: 2
INFO:root:* add_point: Point2D(1/2, 0)
INFO:root:  ! Point2D(1/2, 0) found at index: 1
INFO:root:* add_point: Point2D(-1/2, 0)
INFO:root:  ! Point2D(-1/2, 0) found at index: 0
INFO:root:* add_point: Point2D(3/2, 0)
INFO:root:  ! Point2D(3/2, 0) found at index: 3
INFO:root:* add_point: Point2D(0, 0)
INFO:root:  ! Point2D(0, 0) found at index: 6
INFO:root:* add_point: Point2D(-5/2, 0)
INFO:root:  ! Point2D(-5/2, 0) found at index: 7
INFO:root:* add_point: Point2D(3/2, 0)
INFO:root:  ! Point2D(3/2, 0) found at index: 3
INFO:root:* add_point: Point2D(-1/2, 0)
INFO:root:  ! Point2D(-1/2, 0) found at index: 0
INFO:root:* add_point: Point2D(7/2, 0)
INFO:root:  ! Point2D(7/2, 0) found at index: 10
INFO:root:* add_point: Point2D(1/2, 0)
INFO:root:  ! Point2D(1/2, 0) found at index: 1
INFO:root:    > diff: 0
INFO:root:
            ! COINCIDENT
                Line2D(Point2D(1/2, 0), Point2D(-3/2, 0))
                Line2D(Point2D(-1/2, 0), Point2D(1/2, 0))
                
INFO:root:* add_element: Circle(Point2D(1/2, 0), 2)
INFO:root:* add_intersection_points: Circle(Point2D(1/2, 0), 2)
INFO:root:* add_point: Point2D(-3/2, 0)
INFO:root:  ! Point2D(-3/2, 0) found at index: 2
INFO:root:* add_point: Point2D(5/2, 0)
INFO:root:  + Point2D(5/2, 0)
INFO:root:* add_point: Point2D(-3/2, 0)
INFO:root:  ! Point2D(-3/2, 0) found at index: 2
INFO:root:* add_point: Point2D(0, -sqrt(15)/2)
INFO:root:  ! Point2D(0, -sqrt(15)/2) found at index: 8
INFO:root:* add_point: Point2D(0, sqrt(15)/2)
INFO:root:  ! Point2D(0, sqrt(15)/2) found at index: 9
INFO:root:* add_point: Point2D(0, -sqrt(15)/2)
INFO:root:  ! Point2D(0, -sqrt(15)/2) found at index: 8
INFO:root:* add_point: Point2D(0, sqrt(15)/2)
INFO:root:  ! Point2D(0, sqrt(15)/2) found at index: 9
INFO:root:* add_point: Point2D(1, -sqrt(15)/2)
INFO:root:  + Point2D(1, -sqrt(15)/2)
INFO:root:* add_point: Point2D(1, sqrt(15)/2)
INFO:root:  + Point2D(1, sqrt(15)/2)
INFO:root:* add_point: Point2D(1/2, -2)
INFO:root:  + Point2D(1/2, -2)
INFO:root:* add_point: Point2D(1/2, 2)
INFO:root:  + Point2D(1/2, 2)
INFO:root:    > diff: -y**2 + y - (x - 1/2)**2 + 4
INFO:root:  + Circle(Point2D(1/2, 0), 2)
INFO:root:* add_element: Circle(Point2D(-3/2, 0), 2)
INFO:root:* add_intersection_points: Circle(Point2D(-3/2, 0), 2)
INFO:root:* add_point: Point2D(-7/2, 0)
INFO:root:  + Point2D(-7/2, 0)
INFO:root:* add_point: Point2D(1/2, 0)
INFO:root:  ! Point2D(1/2, 0) found at index: 1
INFO:root:* add_point: Point2D(1/2, 0)
INFO:root:  ! Point2D(1/2, 0) found at index: 1
INFO:root:* add_point: Point2D(1/4, -sqrt(15)/4)
INFO:root:  + Point2D(1/4, -sqrt(15)/4)
INFO:root:* add_point: Point2D(1/4, sqrt(15)/4)
INFO:root:  + Point2D(1/4, sqrt(15)/4)
INFO:root:* add_point: Point2D(0, -sqrt(7)/2)
INFO:root:  ! Point2D(0, -sqrt(7)/2) found at index: 13
INFO:root:* add_point: Point2D(0, sqrt(7)/2)
INFO:root:  ! Point2D(0, sqrt(7)/2) found at index: 14
INFO:root:* add_point: Point2D(-1, -sqrt(15)/2)
INFO:root:  + Point2D(-1, -sqrt(15)/2)
INFO:root:* add_point: Point2D(-1, sqrt(15)/2)
INFO:root:  + Point2D(-1, sqrt(15)/2)
INFO:root:* add_point: Point2D(0, -sqrt(7)/2)
INFO:root:  ! Point2D(0, -sqrt(7)/2) found at index: 13
INFO:root:* add_point: Point2D(0, sqrt(7)/2)
INFO:root:  ! Point2D(0, sqrt(7)/2) found at index: 14
INFO:root:* add_point: Point2D(1/2, 0)
INFO:root:  ! Point2D(1/2, 0) found at index: 1
INFO:root:* add_point: Point2D(-1/2, sqrt(3))
INFO:root:  + Point2D(-1/2, sqrt(3))
INFO:root:* add_point: Point2D(-1/2, -sqrt(3))
INFO:root:  + Point2D(-1/2, -sqrt(3))
INFO:root:    > diff: -y**2 + y - (x + 3/2)**2 + 4
INFO:root:  + Circle(Point2D(-3/2, 0), 2)
INFO:root:* add_element: Line2D(Point2D(-1/2, sqrt(3)), Point2D(-1/2, -sqrt(3)))
INFO:root:* add_intersection_points: Line2D(Point2D(-1/2, sqrt(3)), Point2D(-1/2, -sqrt(3)))
INFO:root:* add_point: Point2D(-1/2, 0)
INFO:root:  ! Point2D(-1/2, 0) found at index: 0
INFO:root:* add_point: Point2D(-1/2, -1)
INFO:root:  + Point2D(-1/2, -1)
INFO:root:* add_point: Point2D(-1/2, 1)
INFO:root:  + Point2D(-1/2, 1)
INFO:root:* add_point: Point2D(-1/2, 0)
INFO:root:  ! Point2D(-1/2, 0) found at index: 0
INFO:root:* add_point: Point2D(-1/2, -2)
INFO:root:  + Point2D(-1/2, -2)
INFO:root:* add_point: Point2D(-1/2, 2)
INFO:root:  + Point2D(-1/2, 2)
INFO:root:* add_point: Point2D(-1/2, 0)
INFO:root:  ! Point2D(-1/2, 0) found at index: 0
INFO:root:* add_point: Point2D(-1/2, sqrt(3))
INFO:root:  ! Point2D(-1/2, sqrt(3)) found at index: 29
INFO:root:* add_point: Point2D(-1/2, -sqrt(3))
INFO:root:  ! Point2D(-1/2, -sqrt(3)) found at index: 30
INFO:root:* add_point: Point2D(-1/2, sqrt(3))
INFO:root:  ! Point2D(-1/2, sqrt(3)) found at index: 29
INFO:root:* add_point: Point2D(-1/2, -sqrt(3))
INFO:root:  ! Point2D(-1/2, -sqrt(3)) found at index: 30
INFO:root:    > diff: -x + y - 1/2
INFO:root:  + Line2D(Point2D(-1/2, sqrt(3)), Point2D(-1/2, -sqrt(3)))
INFO:root:Init Setup3
INFO:root:* add_point: Point2D(-1/2, 0)
INFO:root:  + Point2D(-1/2, 0)
INFO:root:* add_point: Point2D(1/2, 0)
INFO:root:  + Point2D(1/2, 0)
INFO:root:* add_element: Line2D(Point2D(-1/2, 0), Point2D(1/2, 0))
INFO:root:* add_intersection_points: Line2D(Point2D(-1/2, 0), Point2D(1/2, 0))
INFO:root:  + Line2D(Point2D(-1/2, 0), Point2D(1/2, 0))
INFO:root:* add_element: Circle(Point2D(-1/2, 0), 1)
INFO:root:* add_intersection_points: Circle(Point2D(-1/2, 0), 1)
INFO:root:* add_point: Point2D(-3/2, 0)
INFO:root:  + Point2D(-3/2, 0)
INFO:root:* add_point: Point2D(1/2, 0)
INFO:root:  ! Point2D(1/2, 0) found at index: 1
INFO:root:    > diff: -y**2 + y - (x + 1/2)**2 + 1
INFO:root:  + Circle(Point2D(-1/2, 0), 1)
INFO:root:* add_element: Circle(Point2D(1/2, 0), 1)
INFO:root:* add_intersection_points: Circle(Point2D(1/2, 0), 1)
INFO:root:* add_point: Point2D(-1/2, 0)
INFO:root:  ! Point2D(-1/2, 0) found at index: 0
INFO:root:* add_point: Point2D(3/2, 0)
INFO:root:  + Point2D(3/2, 0)
INFO:root:* add_point: Point2D(0, -sqrt(3)/2)
INFO:root:  + Point2D(0, -sqrt(3)/2)
INFO:root:* add_point: Point2D(0, sqrt(3)/2)
INFO:root:  + Point2D(0, sqrt(3)/2)
INFO:root:    > diff: -y**2 + y - (x - 1/2)**2 + 1
INFO:root:  + Circle(Point2D(1/2, 0), 1)
INFO:root:* add_element: Line2D(Point2D(0, -sqrt(3)/2), Point2D(0, sqrt(3)/2))
INFO:root:* add_intersection_points: Line2D(Point2D(0, -sqrt(3)/2), Point2D(0, sqrt(3)/2))
INFO:root:* add_point: Point2D(0, 0)
INFO:root:  + Point2D(0, 0)
INFO:root:* add_point: Point2D(0, -sqrt(3)/2)
INFO:root:  ! Point2D(0, -sqrt(3)/2) found at index: 4
INFO:root:* add_point: Point2D(0, sqrt(3)/2)
INFO:root:  ! Point2D(0, sqrt(3)/2) found at index: 5
INFO:root:* add_point: Point2D(0, -sqrt(3)/2)
INFO:root:  ! Point2D(0, -sqrt(3)/2) found at index: 4
INFO:root:* add_point: Point2D(0, sqrt(3)/2)
INFO:root:  ! Point2D(0, sqrt(3)/2) found at index: 5
INFO:root:    > diff: -x + y
INFO:root:  + Line2D(Point2D(0, -sqrt(3)/2), Point2D(0, sqrt(3)/2))
INFO:root:* add_element: Line2D(Point2D(-1/2, 0), Point2D(3/2, 0))
INFO:root:* add_intersection_points: Line2D(Point2D(-1/2, 0), Point2D(3/2, 0))
INFO:root:* add_point: Line2D(Point2D(-1/2, 0), Point2D(1/2, 0))
INFO:root:* add_point: Point2D(-3/2, 0)
INFO:root:  ! Point2D(-3/2, 0) found at index: 2
INFO:root:* add_point: Point2D(1/2, 0)
INFO:root:  ! Point2D(1/2, 0) found at index: 1
INFO:root:* add_point: Point2D(-1/2, 0)
INFO:root:  ! Point2D(-1/2, 0) found at index: 0
INFO:root:* add_point: Point2D(3/2, 0)
INFO:root:  ! Point2D(3/2, 0) found at index: 3
INFO:root:* add_point: Point2D(0, 0)
INFO:root:  ! Point2D(0, 0) found at index: 6
INFO:root:    > diff: 0
INFO:root:
            ! COINCIDENT
                Line2D(Point2D(-1/2, 0), Point2D(3/2, 0))
                Line2D(Point2D(-1/2, 0), Point2D(1/2, 0))
                
INFO:root:* add_element: Circle(Point2D(-1/2, 0), 2)
INFO:root:* add_intersection_points: Circle(Point2D(-1/2, 0), 2)
INFO:root:* add_point: Point2D(-5/2, 0)
INFO:root:  + Point2D(-5/2, 0)
INFO:root:* add_point: Point2D(3/2, 0)
INFO:root:  ! Point2D(3/2, 0) found at index: 3
INFO:root:* add_point: Point2D(3/2, 0)
INFO:root:  ! Point2D(3/2, 0) found at index: 3
INFO:root:* add_point: Point2D(0, -sqrt(15)/2)
INFO:root:  + Point2D(0, -sqrt(15)/2)
INFO:root:* add_point: Point2D(0, sqrt(15)/2)
INFO:root:  + Point2D(0, sqrt(15)/2)
INFO:root:    > diff: -y**2 + y - (x + 1/2)**2 + 4
INFO:root:  + Circle(Point2D(-1/2, 0), 2)
INFO:root:* add_element: Circle(Point2D(3/2, 0), 2)
INFO:root:* add_intersection_points: Circle(Point2D(3/2, 0), 2)
INFO:root:* add_point: Point2D(-1/2, 0)
INFO:root:  ! Point2D(-1/2, 0) found at index: 0
INFO:root:* add_point: Point2D(7/2, 0)
INFO:root:  + Point2D(7/2, 0)
INFO:root:* add_point: Point2D(-1/4, -sqrt(15)/4)
INFO:root:  + Point2D(-1/4, -sqrt(15)/4)
INFO:root:* add_point: Point2D(-1/4, sqrt(15)/4)
INFO:root:  + Point2D(-1/4, sqrt(15)/4)
INFO:root:* add_point: Point2D(-1/2, 0)
INFO:root:  ! Point2D(-1/2, 0) found at index: 0
INFO:root:* add_point: Point2D(0, -sqrt(7)/2)
INFO:root:  + Point2D(0, -sqrt(7)/2)
INFO:root:* add_point: Point2D(0, sqrt(7)/2)
INFO:root:  + Point2D(0, sqrt(7)/2)
INFO:root:* add_point: Point2D(1/2, sqrt(3))
INFO:root:  + Point2D(1/2, sqrt(3))
INFO:root:* add_point: Point2D(1/2, -sqrt(3))
INFO:root:  + Point2D(1/2, -sqrt(3))
INFO:root:    > diff: -y**2 + y - (x - 3/2)**2 + 4
INFO:root:  + Circle(Point2D(3/2, 0), 2)
INFO:root:* add_element: Line2D(Point2D(1/2, sqrt(3)), Point2D(1/2, -sqrt(3)))
INFO:root:* add_intersection_points: Line2D(Point2D(1/2, sqrt(3)), Point2D(1/2, -sqrt(3)))
INFO:root:* add_point: Point2D(1/2, 0)
INFO:root:  ! Point2D(1/2, 0) found at index: 1
INFO:root:* add_point: Point2D(1/2, 0)
INFO:root:  ! Point2D(1/2, 0) found at index: 1
INFO:root:* add_point: Point2D(1/2, -1)
INFO:root:  + Point2D(1/2, -1)
INFO:root:* add_point: Point2D(1/2, 1)
INFO:root:  + Point2D(1/2, 1)
INFO:root:* add_point: Point2D(1/2, sqrt(3))
INFO:root:  ! Point2D(1/2, sqrt(3)) found at index: 15
INFO:root:* add_point: Point2D(1/2, -sqrt(3))
INFO:root:  ! Point2D(1/2, -sqrt(3)) found at index: 16
INFO:root:* add_point: Point2D(1/2, sqrt(3))
INFO:root:  ! Point2D(1/2, sqrt(3)) found at index: 15
INFO:root:* add_point: Point2D(1/2, -sqrt(3))
INFO:root:  ! Point2D(1/2, -sqrt(3)) found at index: 16
INFO:root:    > diff: -x + y + 1/2
INFO:root:  + Line2D(Point2D(1/2, sqrt(3)), Point2D(1/2, -sqrt(3)))
INFO:root:* add_element: Line2D(Point2D(1/2, 0), Point2D(-3/2, 0))
INFO:root:* add_intersection_points: Line2D(Point2D(1/2, 0), Point2D(-3/2, 0))
INFO:root:* add_point: Line2D(Point2D(-1/2, 0), Point2D(1/2, 0))
INFO:root:* add_point: Point2D(-3/2, 0)
INFO:root:  ! Point2D(-3/2, 0) found at index: 2
INFO:root:* add_point: Point2D(1/2, 0)
INFO:root:  ! Point2D(1/2, 0) found at index: 1
INFO:root:* add_point: Point2D(-1/2, 0)
INFO:root:  ! Point2D(-1/2, 0) found at index: 0
INFO:root:* add_point: Point2D(3/2, 0)
INFO:root:  ! Point2D(3/2, 0) found at index: 3
INFO:root:* add_point: Point2D(0, 0)
INFO:root:  ! Point2D(0, 0) found at index: 6
INFO:root:* add_point: Point2D(-5/2, 0)
INFO:root:  ! Point2D(-5/2, 0) found at index: 7
INFO:root:* add_point: Point2D(3/2, 0)
INFO:root:  ! Point2D(3/2, 0) found at index: 3
INFO:root:* add_point: Point2D(-1/2, 0)
INFO:root:  ! Point2D(-1/2, 0) found at index: 0
INFO:root:* add_point: Point2D(7/2, 0)
INFO:root:  ! Point2D(7/2, 0) found at index: 10
INFO:root:* add_point: Point2D(1/2, 0)
INFO:root:  ! Point2D(1/2, 0) found at index: 1
INFO:root:    > diff: 0
INFO:root:
            ! COINCIDENT
                Line2D(Point2D(1/2, 0), Point2D(-3/2, 0))
                Line2D(Point2D(-1/2, 0), Point2D(1/2, 0))
                
INFO:root:* add_element: Circle(Point2D(1/2, 0), 2)
INFO:root:* add_intersection_points: Circle(Point2D(1/2, 0), 2)
INFO:root:* add_point: Point2D(-3/2, 0)
INFO:root:  ! Point2D(-3/2, 0) found at index: 2
INFO:root:* add_point: Point2D(5/2, 0)
INFO:root:  + Point2D(5/2, 0)
INFO:root:* add_point: Point2D(-3/2, 0)
INFO:root:  ! Point2D(-3/2, 0) found at index: 2
INFO:root:* add_point: Point2D(0, -sqrt(15)/2)
INFO:root:  ! Point2D(0, -sqrt(15)/2) found at index: 8
INFO:root:* add_point: Point2D(0, sqrt(15)/2)
INFO:root:  ! Point2D(0, sqrt(15)/2) found at index: 9
INFO:root:* add_point: Point2D(0, -sqrt(15)/2)
INFO:root:  ! Point2D(0, -sqrt(15)/2) found at index: 8
INFO:root:* add_point: Point2D(0, sqrt(15)/2)
INFO:root:  ! Point2D(0, sqrt(15)/2) found at index: 9
INFO:root:* add_point: Point2D(1, -sqrt(15)/2)
INFO:root:  + Point2D(1, -sqrt(15)/2)
INFO:root:* add_point: Point2D(1, sqrt(15)/2)
INFO:root:  + Point2D(1, sqrt(15)/2)
INFO:root:* add_point: Point2D(1/2, -2)
INFO:root:  + Point2D(1/2, -2)
INFO:root:* add_point: Point2D(1/2, 2)
INFO:root:  + Point2D(1/2, 2)
INFO:root:    > diff: -y**2 + y - (x - 1/2)**2 + 4
INFO:root:  + Circle(Point2D(1/2, 0), 2)
INFO:root:* add_element: Circle(Point2D(-3/2, 0), 2)
INFO:root:* add_intersection_points: Circle(Point2D(-3/2, 0), 2)
INFO:root:* add_point: Point2D(-7/2, 0)
INFO:root:  + Point2D(-7/2, 0)
INFO:root:* add_point: Point2D(1/2, 0)
INFO:root:  ! Point2D(1/2, 0) found at index: 1
INFO:root:* add_point: Point2D(1/2, 0)
INFO:root:  ! Point2D(1/2, 0) found at index: 1
INFO:root:* add_point: Point2D(1/4, -sqrt(15)/4)
INFO:root:  + Point2D(1/4, -sqrt(15)/4)
INFO:root:* add_point: Point2D(1/4, sqrt(15)/4)
INFO:root:  + Point2D(1/4, sqrt(15)/4)
INFO:root:* add_point: Point2D(0, -sqrt(7)/2)
INFO:root:  ! Point2D(0, -sqrt(7)/2) found at index: 13
INFO:root:* add_point: Point2D(0, sqrt(7)/2)
INFO:root:  ! Point2D(0, sqrt(7)/2) found at index: 14
INFO:root:* add_point: Point2D(-1, -sqrt(15)/2)
INFO:root:  + Point2D(-1, -sqrt(15)/2)
INFO:root:* add_point: Point2D(-1, sqrt(15)/2)
INFO:root:  + Point2D(-1, sqrt(15)/2)
INFO:root:* add_point: Point2D(0, -sqrt(7)/2)
INFO:root:  ! Point2D(0, -sqrt(7)/2) found at index: 13
INFO:root:* add_point: Point2D(0, sqrt(7)/2)
INFO:root:  ! Point2D(0, sqrt(7)/2) found at index: 14
INFO:root:* add_point: Point2D(1/2, 0)
INFO:root:  ! Point2D(1/2, 0) found at index: 1
INFO:root:* add_point: Point2D(-1/2, sqrt(3))
INFO:root:  + Point2D(-1/2, sqrt(3))
INFO:root:* add_point: Point2D(-1/2, -sqrt(3))
INFO:root:  + Point2D(-1/2, -sqrt(3))
INFO:root:    > diff: -y**2 + y - (x + 3/2)**2 + 4
INFO:root:  + Circle(Point2D(-3/2, 0), 2)
INFO:root:* add_element: Line2D(Point2D(-1/2, sqrt(3)), Point2D(-1/2, -sqrt(3)))
INFO:root:* add_intersection_points: Line2D(Point2D(-1/2, sqrt(3)), Point2D(-1/2, -sqrt(3)))
INFO:root:* add_point: Point2D(-1/2, 0)
INFO:root:  ! Point2D(-1/2, 0) found at index: 0
INFO:root:* add_point: Point2D(-1/2, -1)
INFO:root:  + Point2D(-1/2, -1)
INFO:root:* add_point: Point2D(-1/2, 1)
INFO:root:  + Point2D(-1/2, 1)
INFO:root:* add_point: Point2D(-1/2, 0)
INFO:root:  ! Point2D(-1/2, 0) found at index: 0
INFO:root:* add_point: Point2D(-1/2, -2)
INFO:root:  + Point2D(-1/2, -2)
INFO:root:* add_point: Point2D(-1/2, 2)
INFO:root:  + Point2D(-1/2, 2)
INFO:root:* add_point: Point2D(-1/2, 0)
INFO:root:  ! Point2D(-1/2, 0) found at index: 0
INFO:root:* add_point: Point2D(-1/2, sqrt(3))
INFO:root:  ! Point2D(-1/2, sqrt(3)) found at index: 29
INFO:root:* add_point: Point2D(-1/2, -sqrt(3))
INFO:root:  ! Point2D(-1/2, -sqrt(3)) found at index: 30
INFO:root:* add_point: Point2D(-1/2, sqrt(3))
INFO:root:  ! Point2D(-1/2, sqrt(3)) found at index: 29
INFO:root:* add_point: Point2D(-1/2, -sqrt(3))
INFO:root:  ! Point2D(-1/2, -sqrt(3)) found at index: 30
INFO:root:    > diff: -x + y - 1/2
INFO:root:  + Line2D(Point2D(-1/2, sqrt(3)), Point2D(-1/2, -sqrt(3)))
INFO:root:Init Setup3
INFO:root:* add_point: Point2D(-1/2, 0)
INFO:root:  + Point2D(-1/2, 0)
INFO:root:* add_point: Point2D(1/2, 0)
INFO:root:  + Point2D(1/2, 0)
INFO:root:* add_element: Line2D(Point2D(-1/2, 0), Point2D(1/2, 0))
INFO:root:* add_intersection_points: Line2D(Point2D(-1/2, 0), Point2D(1/2, 0))
INFO:root:  + Line2D(Point2D(-1/2, 0), Point2D(1/2, 0))
INFO:root:* add_element: Circle(Point2D(-1/2, 0), 1)
INFO:root:* add_intersection_points: Circle(Point2D(-1/2, 0), 1)
INFO:root:* add_point: Point2D(-3/2, 0)
INFO:root:  + Point2D(-3/2, 0)
INFO:root:* add_point: Point2D(1/2, 0)
INFO:root:  ! Point2D(1/2, 0) found at index: 1
INFO:root:    > diff: -y**2 + y - (x + 1/2)**2 + 1
INFO:root:  + Circle(Point2D(-1/2, 0), 1)
INFO:root:* add_element: Circle(Point2D(1/2, 0), 1)
INFO:root:* add_intersection_points: Circle(Point2D(1/2, 0), 1)
INFO:root:* add_point: Point2D(-1/2, 0)
INFO:root:  ! Point2D(-1/2, 0) found at index: 0
INFO:root:* add_point: Point2D(3/2, 0)
INFO:root:  + Point2D(3/2, 0)
INFO:root:* add_point: Point2D(0, -sqrt(3)/2)
INFO:root:  + Point2D(0, -sqrt(3)/2)
INFO:root:* add_point: Point2D(0, sqrt(3)/2)
INFO:root:  + Point2D(0, sqrt(3)/2)
INFO:root:    > diff: -y**2 + y - (x - 1/2)**2 + 1
INFO:root:  + Circle(Point2D(1/2, 0), 1)
INFO:root:* add_element: Line2D(Point2D(0, -sqrt(3)/2), Point2D(0, sqrt(3)/2))
INFO:root:* add_intersection_points: Line2D(Point2D(0, -sqrt(3)/2), Point2D(0, sqrt(3)/2))
INFO:root:* add_point: Point2D(0, 0)
INFO:root:  + Point2D(0, 0)
INFO:root:* add_point: Point2D(0, -sqrt(3)/2)
INFO:root:  ! Point2D(0, -sqrt(3)/2) found at index: 4
INFO:root:* add_point: Point2D(0, sqrt(3)/2)
INFO:root:  ! Point2D(0, sqrt(3)/2) found at index: 5
INFO:root:* add_point: Point2D(0, -sqrt(3)/2)
INFO:root:  ! Point2D(0, -sqrt(3)/2) found at index: 4
INFO:root:* add_point: Point2D(0, sqrt(3)/2)
INFO:root:  ! Point2D(0, sqrt(3)/2) found at index: 5
INFO:root:    > diff: -x + y
INFO:root:  + Line2D(Point2D(0, -sqrt(3)/2), Point2D(0, sqrt(3)/2))
INFO:root:* add_element: Line2D(Point2D(-1/2, 0), Point2D(3/2, 0))
INFO:root:* add_intersection_points: Line2D(Point2D(-1/2, 0), Point2D(3/2, 0))
INFO:root:* add_point: Line2D(Point2D(-1/2, 0), Point2D(1/2, 0))
INFO:root:* add_point: Point2D(-3/2, 0)
INFO:root:  ! Point2D(-3/2, 0) found at index: 2
INFO:root:* add_point: Point2D(1/2, 0)
INFO:root:  ! Point2D(1/2, 0) found at index: 1
INFO:root:* add_point: Point2D(-1/2, 0)
INFO:root:  ! Point2D(-1/2, 0) found at index: 0
INFO:root:* add_point: Point2D(3/2, 0)
INFO:root:  ! Point2D(3/2, 0) found at index: 3
INFO:root:* add_point: Point2D(0, 0)
INFO:root:  ! Point2D(0, 0) found at index: 6
INFO:root:    > diff: 0
INFO:root:
            ! COINCIDENT
                Line2D(Point2D(-1/2, 0), Point2D(3/2, 0))
                Line2D(Point2D(-1/2, 0), Point2D(1/2, 0))
                
INFO:root:* add_element: Circle(Point2D(-1/2, 0), 2)
INFO:root:* add_intersection_points: Circle(Point2D(-1/2, 0), 2)
INFO:root:* add_point: Point2D(-5/2, 0)
INFO:root:  + Point2D(-5/2, 0)
INFO:root:* add_point: Point2D(3/2, 0)
INFO:root:  ! Point2D(3/2, 0) found at index: 3
INFO:root:* add_point: Point2D(3/2, 0)
INFO:root:  ! Point2D(3/2, 0) found at index: 3
INFO:root:* add_point: Point2D(0, -sqrt(15)/2)
INFO:root:  + Point2D(0, -sqrt(15)/2)
INFO:root:* add_point: Point2D(0, sqrt(15)/2)
INFO:root:  + Point2D(0, sqrt(15)/2)
INFO:root:    > diff: -y**2 + y - (x + 1/2)**2 + 4
INFO:root:  + Circle(Point2D(-1/2, 0), 2)
INFO:root:* add_element: Circle(Point2D(3/2, 0), 2)
INFO:root:* add_intersection_points: Circle(Point2D(3/2, 0), 2)
INFO:root:* add_point: Point2D(-1/2, 0)
INFO:root:  ! Point2D(-1/2, 0) found at index: 0
INFO:root:* add_point: Point2D(7/2, 0)
INFO:root:  + Point2D(7/2, 0)
INFO:root:* add_point: Point2D(-1/4, -sqrt(15)/4)
INFO:root:  + Point2D(-1/4, -sqrt(15)/4)
INFO:root:* add_point: Point2D(-1/4, sqrt(15)/4)
INFO:root:  + Point2D(-1/4, sqrt(15)/4)
INFO:root:* add_point: Point2D(-1/2, 0)
INFO:root:  ! Point2D(-1/2, 0) found at index: 0
INFO:root:* add_point: Point2D(0, -sqrt(7)/2)
INFO:root:  + Point2D(0, -sqrt(7)/2)
INFO:root:* add_point: Point2D(0, sqrt(7)/2)
INFO:root:  + Point2D(0, sqrt(7)/2)
INFO:root:* add_point: Point2D(1/2, sqrt(3))
INFO:root:  + Point2D(1/2, sqrt(3))
INFO:root:* add_point: Point2D(1/2, -sqrt(3))
INFO:root:  + Point2D(1/2, -sqrt(3))
INFO:root:    > diff: -y**2 + y - (x - 3/2)**2 + 4
INFO:root:  + Circle(Point2D(3/2, 0), 2)
INFO:root:* add_element: Line2D(Point2D(1/2, sqrt(3)), Point2D(1/2, -sqrt(3)))
INFO:root:* add_intersection_points: Line2D(Point2D(1/2, sqrt(3)), Point2D(1/2, -sqrt(3)))
INFO:root:* add_point: Point2D(1/2, 0)
INFO:root:  ! Point2D(1/2, 0) found at index: 1
INFO:root:* add_point: Point2D(1/2, 0)
INFO:root:  ! Point2D(1/2, 0) found at index: 1
INFO:root:* add_point: Point2D(1/2, -1)
INFO:root:  + Point2D(1/2, -1)
INFO:root:* add_point: Point2D(1/2, 1)
INFO:root:  + Point2D(1/2, 1)
INFO:root:* add_point: Point2D(1/2, sqrt(3))
INFO:root:  ! Point2D(1/2, sqrt(3)) found at index: 15
INFO:root:* add_point: Point2D(1/2, -sqrt(3))
INFO:root:  ! Point2D(1/2, -sqrt(3)) found at index: 16
INFO:root:* add_point: Point2D(1/2, sqrt(3))
INFO:root:  ! Point2D(1/2, sqrt(3)) found at index: 15
INFO:root:* add_point: Point2D(1/2, -sqrt(3))
INFO:root:  ! Point2D(1/2, -sqrt(3)) found at index: 16
INFO:root:    > diff: -x + y + 1/2
INFO:root:  + Line2D(Point2D(1/2, sqrt(3)), Point2D(1/2, -sqrt(3)))
INFO:root:* add_element: Line2D(Point2D(1/2, 0), Point2D(-3/2, 0))
INFO:root:* add_intersection_points: Line2D(Point2D(1/2, 0), Point2D(-3/2, 0))
INFO:root:* add_point: Line2D(Point2D(-1/2, 0), Point2D(1/2, 0))
INFO:root:* add_point: Point2D(-3/2, 0)
INFO:root:  ! Point2D(-3/2, 0) found at index: 2
INFO:root:* add_point: Point2D(1/2, 0)
INFO:root:  ! Point2D(1/2, 0) found at index: 1
INFO:root:* add_point: Point2D(-1/2, 0)
INFO:root:  ! Point2D(-1/2, 0) found at index: 0
INFO:root:* add_point: Point2D(3/2, 0)
INFO:root:  ! Point2D(3/2, 0) found at index: 3
INFO:root:* add_point: Point2D(0, 0)
INFO:root:  ! Point2D(0, 0) found at index: 6
INFO:root:* add_point: Point2D(-5/2, 0)
INFO:root:  ! Point2D(-5/2, 0) found at index: 7
INFO:root:* add_point: Point2D(3/2, 0)
INFO:root:  ! Point2D(3/2, 0) found at index: 3
INFO:root:* add_point: Point2D(-1/2, 0)
INFO:root:  ! Point2D(-1/2, 0) found at index: 0
INFO:root:* add_point: Point2D(7/2, 0)
INFO:root:  ! Point2D(7/2, 0) found at index: 10
INFO:root:* add_point: Point2D(1/2, 0)
INFO:root:  ! Point2D(1/2, 0) found at index: 1
INFO:root:    > diff: 0
INFO:root:
            ! COINCIDENT
                Line2D(Point2D(1/2, 0), Point2D(-3/2, 0))
                Line2D(Point2D(-1/2, 0), Point2D(1/2, 0))
                
INFO:root:* add_element: Circle(Point2D(1/2, 0), 2)
INFO:root:* add_intersection_points: Circle(Point2D(1/2, 0), 2)
INFO:root:* add_point: Point2D(-3/2, 0)
INFO:root:  ! Point2D(-3/2, 0) found at index: 2
INFO:root:* add_point: Point2D(5/2, 0)
INFO:root:  + Point2D(5/2, 0)
INFO:root:* add_point: Point2D(-3/2, 0)
INFO:root:  ! Point2D(-3/2, 0) found at index: 2
INFO:root:* add_point: Point2D(0, -sqrt(15)/2)
INFO:root:  ! Point2D(0, -sqrt(15)/2) found at index: 8
INFO:root:* add_point: Point2D(0, sqrt(15)/2)
INFO:root:  ! Point2D(0, sqrt(15)/2) found at index: 9
INFO:root:* add_point: Point2D(0, -sqrt(15)/2)
INFO:root:  ! Point2D(0, -sqrt(15)/2) found at index: 8
INFO:root:* add_point: Point2D(0, sqrt(15)/2)
INFO:root:  ! Point2D(0, sqrt(15)/2) found at index: 9
INFO:root:* add_point: Point2D(1, -sqrt(15)/2)
INFO:root:  + Point2D(1, -sqrt(15)/2)
INFO:root:* add_point: Point2D(1, sqrt(15)/2)
INFO:root:  + Point2D(1, sqrt(15)/2)
INFO:root:* add_point: Point2D(1/2, -2)
INFO:root:  + Point2D(1/2, -2)
INFO:root:* add_point: Point2D(1/2, 2)
INFO:root:  + Point2D(1/2, 2)
INFO:root:    > diff: -y**2 + y - (x - 1/2)**2 + 4
INFO:root:  + Circle(Point2D(1/2, 0), 2)
INFO:root:* add_element: Circle(Point2D(-3/2, 0), 2)
INFO:root:* add_intersection_points: Circle(Point2D(-3/2, 0), 2)
INFO:root:* add_point: Point2D(-7/2, 0)
INFO:root:  + Point2D(-7/2, 0)
INFO:root:* add_point: Point2D(1/2, 0)
INFO:root:  ! Point2D(1/2, 0) found at index: 1
INFO:root:* add_point: Point2D(1/2, 0)
INFO:root:  ! Point2D(1/2, 0) found at index: 1
INFO:root:* add_point: Point2D(1/4, -sqrt(15)/4)
INFO:root:  + Point2D(1/4, -sqrt(15)/4)
INFO:root:* add_point: Point2D(1/4, sqrt(15)/4)
INFO:root:  + Point2D(1/4, sqrt(15)/4)
INFO:root:* add_point: Point2D(0, -sqrt(7)/2)
INFO:root:  ! Point2D(0, -sqrt(7)/2) found at index: 13
INFO:root:* add_point: Point2D(0, sqrt(7)/2)
INFO:root:  ! Point2D(0, sqrt(7)/2) found at index: 14
INFO:root:* add_point: Point2D(-1, -sqrt(15)/2)
INFO:root:  + Point2D(-1, -sqrt(15)/2)
INFO:root:* add_point: Point2D(-1, sqrt(15)/2)
INFO:root:  + Point2D(-1, sqrt(15)/2)
INFO:root:* add_point: Point2D(0, -sqrt(7)/2)
INFO:root:  ! Point2D(0, -sqrt(7)/2) found at index: 13
INFO:root:* add_point: Point2D(0, sqrt(7)/2)
INFO:root:  ! Point2D(0, sqrt(7)/2) found at index: 14
INFO:root:* add_point: Point2D(1/2, 0)
INFO:root:  ! Point2D(1/2, 0) found at index: 1
INFO:root:* add_point: Point2D(-1/2, sqrt(3))
INFO:root:  + Point2D(-1/2, sqrt(3))
INFO:root:* add_point: Point2D(-1/2, -sqrt(3))
INFO:root:  + Point2D(-1/2, -sqrt(3))
INFO:root:    > diff: -y**2 + y - (x + 3/2)**2 + 4
INFO:root:  + Circle(Point2D(-3/2, 0), 2)
INFO:root:* add_element: Line2D(Point2D(-1/2, sqrt(3)), Point2D(-1/2, -sqrt(3)))
INFO:root:* add_intersection_points: Line2D(Point2D(-1/2, sqrt(3)), Point2D(-1/2, -sqrt(3)))
INFO:root:* add_point: Point2D(-1/2, 0)
INFO:root:  ! Point2D(-1/2, 0) found at index: 0
INFO:root:* add_point: Point2D(-1/2, -1)
INFO:root:  + Point2D(-1/2, -1)
INFO:root:* add_point: Point2D(-1/2, 1)
INFO:root:  + Point2D(-1/2, 1)
INFO:root:* add_point: Point2D(-1/2, 0)
INFO:root:  ! Point2D(-1/2, 0) found at index: 0
INFO:root:* add_point: Point2D(-1/2, -2)
INFO:root:  + Point2D(-1/2, -2)
INFO:root:* add_point: Point2D(-1/2, 2)
INFO:root:  + Point2D(-1/2, 2)
INFO:root:* add_point: Point2D(-1/2, 0)
INFO:root:  ! Point2D(-1/2, 0) found at index: 0
INFO:root:* add_point: Point2D(-1/2, sqrt(3))
INFO:root:  ! Point2D(-1/2, sqrt(3)) found at index: 29
INFO:root:* add_point: Point2D(-1/2, -sqrt(3))
INFO:root:  ! Point2D(-1/2, -sqrt(3)) found at index: 30
INFO:root:* add_point: Point2D(-1/2, sqrt(3))
INFO:root:  ! Point2D(-1/2, sqrt(3)) found at index: 29
INFO:root:* add_point: Point2D(-1/2, -sqrt(3))
INFO:root:  ! Point2D(-1/2, -sqrt(3)) found at index: 30
INFO:root:    > diff: -x + y - 1/2
INFO:root:  + Line2D(Point2D(-1/2, sqrt(3)), Point2D(-1/2, -sqrt(3)))
INFO:root:Init Setup3
INFO:root:* add_point: Point2D(-1/2, 0)
INFO:root:  + Point2D(-1/2, 0)
INFO:root:* add_point: Point2D(1/2, 0)
INFO:root:  + Point2D(1/2, 0)
INFO:root:* add_element: Line2D(Point2D(-1/2, 0), Point2D(1/2, 0))
INFO:root:* add_intersection_points: Line2D(Point2D(-1/2, 0), Point2D(1/2, 0))
INFO:root:  + Line2D(Point2D(-1/2, 0), Point2D(1/2, 0))
INFO:root:* add_element: Circle(Point2D(-1/2, 0), 1)
INFO:root:* add_intersection_points: Circle(Point2D(-1/2, 0), 1)
INFO:root:* add_point: Point2D(-3/2, 0)
INFO:root:  + Point2D(-3/2, 0)
INFO:root:* add_point: Point2D(1/2, 0)
INFO:root:  ! Point2D(1/2, 0) found at index: 1
INFO:root:    > diff: -y**2 + y - (x + 1/2)**2 + 1
INFO:root:  + Circle(Point2D(-1/2, 0), 1)
INFO:root:* add_element: Circle(Point2D(1/2, 0), 1)
INFO:root:* add_intersection_points: Circle(Point2D(1/2, 0), 1)
INFO:root:* add_point: Point2D(-1/2, 0)
INFO:root:  ! Point2D(-1/2, 0) found at index: 0
INFO:root:* add_point: Point2D(3/2, 0)
INFO:root:  + Point2D(3/2, 0)
INFO:root:* add_point: Point2D(0, -sqrt(3)/2)
INFO:root:  + Point2D(0, -sqrt(3)/2)
INFO:root:* add_point: Point2D(0, sqrt(3)/2)
INFO:root:  + Point2D(0, sqrt(3)/2)
INFO:root:    > diff: -y**2 + y - (x - 1/2)**2 + 1
INFO:root:  + Circle(Point2D(1/2, 0), 1)
INFO:root:* add_element: Line2D(Point2D(0, -sqrt(3)/2), Point2D(0, sqrt(3)/2))
INFO:root:* add_intersection_points: Line2D(Point2D(0, -sqrt(3)/2), Point2D(0, sqrt(3)/2))
INFO:root:* add_point: Point2D(0, 0)
INFO:root:  + Point2D(0, 0)
INFO:root:* add_point: Point2D(0, -sqrt(3)/2)
INFO:root:  ! Point2D(0, -sqrt(3)/2) found at index: 4
INFO:root:* add_point: Point2D(0, sqrt(3)/2)
INFO:root:  ! Point2D(0, sqrt(3)/2) found at index: 5
INFO:root:* add_point: Point2D(0, -sqrt(3)/2)
INFO:root:  ! Point2D(0, -sqrt(3)/2) found at index: 4
INFO:root:* add_point: Point2D(0, sqrt(3)/2)
INFO:root:  ! Point2D(0, sqrt(3)/2) found at index: 5
INFO:root:    > diff: -x + y
INFO:root:  + Line2D(Point2D(0, -sqrt(3)/2), Point2D(0, sqrt(3)/2))
INFO:root:* add_element: Line2D(Point2D(-1/2, 0), Point2D(3/2, 0))
INFO:root:* add_intersection_points: Line2D(Point2D(-1/2, 0), Point2D(3/2, 0))
INFO:root:* add_point: Line2D(Point2D(-1/2, 0), Point2D(1/2, 0))
INFO:root:* add_point: Point2D(-3/2, 0)
INFO:root:  ! Point2D(-3/2, 0) found at index: 2
INFO:root:* add_point: Point2D(1/2, 0)
INFO:root:  ! Point2D(1/2, 0) found at index: 1
INFO:root:* add_point: Point2D(-1/2, 0)
INFO:root:  ! Point2D(-1/2, 0) found at index: 0
INFO:root:* add_point: Point2D(3/2, 0)
INFO:root:  ! Point2D(3/2, 0) found at index: 3
INFO:root:* add_point: Point2D(0, 0)
INFO:root:  ! Point2D(0, 0) found at index: 6
INFO:root:    > diff: 0
INFO:root:
            ! COINCIDENT
                Line2D(Point2D(-1/2, 0), Point2D(3/2, 0))
                Line2D(Point2D(-1/2, 0), Point2D(1/2, 0))
                
INFO:root:* add_element: Circle(Point2D(-1/2, 0), 2)
INFO:root:* add_intersection_points: Circle(Point2D(-1/2, 0), 2)
INFO:root:* add_point: Point2D(-5/2, 0)
INFO:root:  + Point2D(-5/2, 0)
INFO:root:* add_point: Point2D(3/2, 0)
INFO:root:  ! Point2D(3/2, 0) found at index: 3
INFO:root:* add_point: Point2D(3/2, 0)
INFO:root:  ! Point2D(3/2, 0) found at index: 3
INFO:root:* add_point: Point2D(0, -sqrt(15)/2)
INFO:root:  + Point2D(0, -sqrt(15)/2)
INFO:root:* add_point: Point2D(0, sqrt(15)/2)
INFO:root:  + Point2D(0, sqrt(15)/2)
INFO:root:    > diff: -y**2 + y - (x + 1/2)**2 + 4
INFO:root:  + Circle(Point2D(-1/2, 0), 2)
INFO:root:* add_element: Circle(Point2D(3/2, 0), 2)
INFO:root:* add_intersection_points: Circle(Point2D(3/2, 0), 2)
INFO:root:* add_point: Point2D(-1/2, 0)
INFO:root:  ! Point2D(-1/2, 0) found at index: 0
INFO:root:* add_point: Point2D(7/2, 0)
INFO:root:  + Point2D(7/2, 0)
INFO:root:* add_point: Point2D(-1/4, -sqrt(15)/4)
INFO:root:  + Point2D(-1/4, -sqrt(15)/4)
INFO:root:* add_point: Point2D(-1/4, sqrt(15)/4)
INFO:root:  + Point2D(-1/4, sqrt(15)/4)
INFO:root:* add_point: Point2D(-1/2, 0)
INFO:root:  ! Point2D(-1/2, 0) found at index: 0
INFO:root:* add_point: Point2D(0, -sqrt(7)/2)
INFO:root:  + Point2D(0, -sqrt(7)/2)
INFO:root:* add_point: Point2D(0, sqrt(7)/2)
INFO:root:  + Point2D(0, sqrt(7)/2)
INFO:root:* add_point: Point2D(1/2, sqrt(3))
INFO:root:  + Point2D(1/2, sqrt(3))
INFO:root:* add_point: Point2D(1/2, -sqrt(3))
INFO:root:  + Point2D(1/2, -sqrt(3))
INFO:root:    > diff: -y**2 + y - (x - 3/2)**2 + 4
INFO:root:  + Circle(Point2D(3/2, 0), 2)
INFO:root:* add_element: Line2D(Point2D(1/2, sqrt(3)), Point2D(1/2, -sqrt(3)))
INFO:root:* add_intersection_points: Line2D(Point2D(1/2, sqrt(3)), Point2D(1/2, -sqrt(3)))
INFO:root:* add_point: Point2D(1/2, 0)
INFO:root:  ! Point2D(1/2, 0) found at index: 1
INFO:root:* add_point: Point2D(1/2, 0)
INFO:root:  ! Point2D(1/2, 0) found at index: 1
INFO:root:* add_point: Point2D(1/2, -1)
INFO:root:  + Point2D(1/2, -1)
INFO:root:* add_point: Point2D(1/2, 1)
INFO:root:  + Point2D(1/2, 1)
INFO:root:* add_point: Point2D(1/2, sqrt(3))
INFO:root:  ! Point2D(1/2, sqrt(3)) found at index: 15
INFO:root:* add_point: Point2D(1/2, -sqrt(3))
INFO:root:  ! Point2D(1/2, -sqrt(3)) found at index: 16
INFO:root:* add_point: Point2D(1/2, sqrt(3))
INFO:root:  ! Point2D(1/2, sqrt(3)) found at index: 15
INFO:root:* add_point: Point2D(1/2, -sqrt(3))
INFO:root:  ! Point2D(1/2, -sqrt(3)) found at index: 16
INFO:root:    > diff: -x + y + 1/2
INFO:root:  + Line2D(Point2D(1/2, sqrt(3)), Point2D(1/2, -sqrt(3)))
INFO:root:* add_element: Line2D(Point2D(1/2, 0), Point2D(-3/2, 0))
INFO:root:* add_intersection_points: Line2D(Point2D(1/2, 0), Point2D(-3/2, 0))
INFO:root:* add_point: Line2D(Point2D(-1/2, 0), Point2D(1/2, 0))
INFO:root:* add_point: Point2D(-3/2, 0)
INFO:root:  ! Point2D(-3/2, 0) found at index: 2
INFO:root:* add_point: Point2D(1/2, 0)
INFO:root:  ! Point2D(1/2, 0) found at index: 1
INFO:root:* add_point: Point2D(-1/2, 0)
INFO:root:  ! Point2D(-1/2, 0) found at index: 0
INFO:root:* add_point: Point2D(3/2, 0)
INFO:root:  ! Point2D(3/2, 0) found at index: 3
INFO:root:* add_point: Point2D(0, 0)
INFO:root:  ! Point2D(0, 0) found at index: 6
INFO:root:* add_point: Point2D(-5/2, 0)
INFO:root:  ! Point2D(-5/2, 0) found at index: 7
INFO:root:* add_point: Point2D(3/2, 0)
INFO:root:  ! Point2D(3/2, 0) found at index: 3
INFO:root:* add_point: Point2D(-1/2, 0)
INFO:root:  ! Point2D(-1/2, 0) found at index: 0
INFO:root:* add_point: Point2D(7/2, 0)
INFO:root:  ! Point2D(7/2, 0) found at index: 10
INFO:root:* add_point: Point2D(1/2, 0)
INFO:root:  ! Point2D(1/2, 0) found at index: 1
INFO:root:    > diff: 0
INFO:root:
            ! COINCIDENT
                Line2D(Point2D(1/2, 0), Point2D(-3/2, 0))
                Line2D(Point2D(-1/2, 0), Point2D(1/2, 0))
                
INFO:root:* add_element: Circle(Point2D(1/2, 0), 2)
INFO:root:* add_intersection_points: Circle(Point2D(1/2, 0), 2)
INFO:root:* add_point: Point2D(-3/2, 0)
INFO:root:  ! Point2D(-3/2, 0) found at index: 2
INFO:root:* add_point: Point2D(5/2, 0)
INFO:root:  + Point2D(5/2, 0)
INFO:root:* add_point: Point2D(-3/2, 0)
INFO:root:  ! Point2D(-3/2, 0) found at index: 2
INFO:root:* add_point: Point2D(0, -sqrt(15)/2)
INFO:root:  ! Point2D(0, -sqrt(15)/2) found at index: 8
INFO:root:* add_point: Point2D(0, sqrt(15)/2)
INFO:root:  ! Point2D(0, sqrt(15)/2) found at index: 9
INFO:root:* add_point: Point2D(0, -sqrt(15)/2)
INFO:root:  ! Point2D(0, -sqrt(15)/2) found at index: 8
INFO:root:* add_point: Point2D(0, sqrt(15)/2)
INFO:root:  ! Point2D(0, sqrt(15)/2) found at index: 9
INFO:root:* add_point: Point2D(1, -sqrt(15)/2)
INFO:root:  + Point2D(1, -sqrt(15)/2)
INFO:root:* add_point: Point2D(1, sqrt(15)/2)
INFO:root:  + Point2D(1, sqrt(15)/2)
INFO:root:* add_point: Point2D(1/2, -2)
INFO:root:  + Point2D(1/2, -2)
INFO:root:* add_point: Point2D(1/2, 2)
INFO:root:  + Point2D(1/2, 2)
INFO:root:    > diff: -y**2 + y - (x - 1/2)**2 + 4
INFO:root:  + Circle(Point2D(1/2, 0), 2)
INFO:root:* add_element: Circle(Point2D(-3/2, 0), 2)
INFO:root:* add_intersection_points: Circle(Point2D(-3/2, 0), 2)
INFO:root:* add_point: Point2D(-7/2, 0)
INFO:root:  + Point2D(-7/2, 0)
INFO:root:* add_point: Point2D(1/2, 0)
INFO:root:  ! Point2D(1/2, 0) found at index: 1
INFO:root:* add_point: Point2D(1/2, 0)
INFO:root:  ! Point2D(1/2, 0) found at index: 1
INFO:root:* add_point: Point2D(1/4, -sqrt(15)/4)
INFO:root:  + Point2D(1/4, -sqrt(15)/4)
INFO:root:* add_point: Point2D(1/4, sqrt(15)/4)
INFO:root:  + Point2D(1/4, sqrt(15)/4)
INFO:root:* add_point: Point2D(0, -sqrt(7)/2)
INFO:root:  ! Point2D(0, -sqrt(7)/2) found at index: 13
INFO:root:* add_point: Point2D(0, sqrt(7)/2)
INFO:root:  ! Point2D(0, sqrt(7)/2) found at index: 14
INFO:root:* add_point: Point2D(-1, -sqrt(15)/2)
INFO:root:  + Point2D(-1, -sqrt(15)/2)
INFO:root:* add_point: Point2D(-1, sqrt(15)/2)
INFO:root:  + Point2D(-1, sqrt(15)/2)
INFO:root:* add_point: Point2D(0, -sqrt(7)/2)
INFO:root:  ! Point2D(0, -sqrt(7)/2) found at index: 13
INFO:root:* add_point: Point2D(0, sqrt(7)/2)
INFO:root:  ! Point2D(0, sqrt(7)/2) found at index: 14
INFO:root:* add_point: Point2D(1/2, 0)
INFO:root:  ! Point2D(1/2, 0) found at index: 1
INFO:root:* add_point: Point2D(-1/2, sqrt(3))
INFO:root:  + Point2D(-1/2, sqrt(3))
INFO:root:* add_point: Point2D(-1/2, -sqrt(3))
INFO:root:  + Point2D(-1/2, -sqrt(3))
INFO:root:    > diff: -y**2 + y - (x + 3/2)**2 + 4
INFO:root:  + Circle(Point2D(-3/2, 0), 2)
INFO:root:* add_element: Line2D(Point2D(-1/2, sqrt(3)), Point2D(-1/2, -sqrt(3)))
INFO:root:* add_intersection_points: Line2D(Point2D(-1/2, sqrt(3)), Point2D(-1/2, -sqrt(3)))
INFO:root:* add_point: Point2D(-1/2, 0)
INFO:root:  ! Point2D(-1/2, 0) found at index: 0
INFO:root:* add_point: Point2D(-1/2, -1)
INFO:root:  + Point2D(-1/2, -1)
INFO:root:* add_point: Point2D(-1/2, 1)
INFO:root:  + Point2D(-1/2, 1)
INFO:root:* add_point: Point2D(-1/2, 0)
INFO:root:  ! Point2D(-1/2, 0) found at index: 0
INFO:root:* add_point: Point2D(-1/2, -2)
INFO:root:  + Point2D(-1/2, -2)
INFO:root:* add_point: Point2D(-1/2, 2)
INFO:root:  + Point2D(-1/2, 2)
INFO:root:* add_point: Point2D(-1/2, 0)
INFO:root:  ! Point2D(-1/2, 0) found at index: 0
INFO:root:* add_point: Point2D(-1/2, sqrt(3))
INFO:root:  ! Point2D(-1/2, sqrt(3)) found at index: 29
INFO:root:* add_point: Point2D(-1/2, -sqrt(3))
INFO:root:  ! Point2D(-1/2, -sqrt(3)) found at index: 30
INFO:root:* add_point: Point2D(-1/2, sqrt(3))
INFO:root:  ! Point2D(-1/2, sqrt(3)) found at index: 29
INFO:root:* add_point: Point2D(-1/2, -sqrt(3))
INFO:root:  ! Point2D(-1/2, -sqrt(3)) found at index: 30
INFO:root:    > diff: -x + y - 1/2
INFO:root:  + Line2D(Point2D(-1/2, sqrt(3)), Point2D(-1/2, -sqrt(3)))
INFO:root:Init Setup3
INFO:root:* add_point: Point2D(-1/2, 0)
INFO:root:  + Point2D(-1/2, 0)
INFO:root:* add_point: Point2D(1/2, 0)
INFO:root:  + Point2D(1/2, 0)
INFO:root:* add_element: Line2D(Point2D(-1/2, 0), Point2D(1/2, 0))
INFO:root:* add_intersection_points: Line2D(Point2D(-1/2, 0), Point2D(1/2, 0))
INFO:root:  + Line2D(Point2D(-1/2, 0), Point2D(1/2, 0))
INFO:root:* add_element: Circle(Point2D(-1/2, 0), 1)
INFO:root:* add_intersection_points: Circle(Point2D(-1/2, 0), 1)
INFO:root:* add_point: Point2D(-3/2, 0)
INFO:root:  + Point2D(-3/2, 0)
INFO:root:* add_point: Point2D(1/2, 0)
INFO:root:  ! Point2D(1/2, 0) found at index: 1
INFO:root:    > diff: -y**2 + y - (x + 1/2)**2 + 1
INFO:root:  + Circle(Point2D(-1/2, 0), 1)
INFO:root:* add_element: Circle(Point2D(1/2, 0), 1)
INFO:root:* add_intersection_points: Circle(Point2D(1/2, 0), 1)
INFO:root:* add_point: Point2D(-1/2, 0)
INFO:root:  ! Point2D(-1/2, 0) found at index: 0
INFO:root:* add_point: Point2D(3/2, 0)
INFO:root:  + Point2D(3/2, 0)
INFO:root:* add_point: Point2D(0, -sqrt(3)/2)
INFO:root:  + Point2D(0, -sqrt(3)/2)
INFO:root:* add_point: Point2D(0, sqrt(3)/2)
INFO:root:  + Point2D(0, sqrt(3)/2)
INFO:root:    > diff: -y**2 + y - (x - 1/2)**2 + 1
INFO:root:  + Circle(Point2D(1/2, 0), 1)
INFO:root:* add_element: Line2D(Point2D(0, -sqrt(3)/2), Point2D(0, sqrt(3)/2))
INFO:root:* add_intersection_points: Line2D(Point2D(0, -sqrt(3)/2), Point2D(0, sqrt(3)/2))
INFO:root:* add_point: Point2D(0, 0)
INFO:root:  + Point2D(0, 0)
INFO:root:* add_point: Point2D(0, -sqrt(3)/2)
INFO:root:  ! Point2D(0, -sqrt(3)/2) found at index: 4
INFO:root:* add_point: Point2D(0, sqrt(3)/2)
INFO:root:  ! Point2D(0, sqrt(3)/2) found at index: 5
INFO:root:* add_point: Point2D(0, -sqrt(3)/2)
INFO:root:  ! Point2D(0, -sqrt(3)/2) found at index: 4
INFO:root:* add_point: Point2D(0, sqrt(3)/2)
INFO:root:  ! Point2D(0, sqrt(3)/2) found at index: 5
INFO:root:    > diff: -x + y
INFO:root:  + Line2D(Point2D(0, -sqrt(3)/2), Point2D(0, sqrt(3)/2))
INFO:root:* add_element: Line2D(Point2D(-1/2, 0), Point2D(3/2, 0))
INFO:root:* add_intersection_points: Line2D(Point2D(-1/2, 0), Point2D(3/2, 0))
INFO:root:* add_point: Line2D(Point2D(-1/2, 0), Point2D(1/2, 0))
INFO:root:* add_point: Point2D(-3/2, 0)
INFO:root:  ! Point2D(-3/2, 0) found at index: 2
INFO:root:* add_point: Point2D(1/2, 0)
INFO:root:  ! Point2D(1/2, 0) found at index: 1
INFO:root:* add_point: Point2D(-1/2, 0)
INFO:root:  ! Point2D(-1/2, 0) found at index: 0
INFO:root:* add_point: Point2D(3/2, 0)
INFO:root:  ! Point2D(3/2, 0) found at index: 3
INFO:root:* add_point: Point2D(0, 0)
INFO:root:  ! Point2D(0, 0) found at index: 6
INFO:root:    > diff: 0
INFO:root:
            ! COINCIDENT
                Line2D(Point2D(-1/2, 0), Point2D(3/2, 0))
                Line2D(Point2D(-1/2, 0), Point2D(1/2, 0))
                
INFO:root:* add_element: Circle(Point2D(-1/2, 0), 2)
INFO:root:* add_intersection_points: Circle(Point2D(-1/2, 0), 2)
INFO:root:* add_point: Point2D(-5/2, 0)
INFO:root:  + Point2D(-5/2, 0)
INFO:root:* add_point: Point2D(3/2, 0)
INFO:root:  ! Point2D(3/2, 0) found at index: 3
INFO:root:* add_point: Point2D(3/2, 0)
INFO:root:  ! Point2D(3/2, 0) found at index: 3
INFO:root:* add_point: Point2D(0, -sqrt(15)/2)
INFO:root:  + Point2D(0, -sqrt(15)/2)
INFO:root:* add_point: Point2D(0, sqrt(15)/2)
INFO:root:  + Point2D(0, sqrt(15)/2)
INFO:root:    > diff: -y**2 + y - (x + 1/2)**2 + 4
INFO:root:  + Circle(Point2D(-1/2, 0), 2)
INFO:root:* add_element: Circle(Point2D(3/2, 0), 2)
INFO:root:* add_intersection_points: Circle(Point2D(3/2, 0), 2)
INFO:root:* add_point: Point2D(-1/2, 0)
INFO:root:  ! Point2D(-1/2, 0) found at index: 0
INFO:root:* add_point: Point2D(7/2, 0)
INFO:root:  + Point2D(7/2, 0)
INFO:root:* add_point: Point2D(-1/4, -sqrt(15)/4)
INFO:root:  + Point2D(-1/4, -sqrt(15)/4)
INFO:root:* add_point: Point2D(-1/4, sqrt(15)/4)
INFO:root:  + Point2D(-1/4, sqrt(15)/4)
INFO:root:* add_point: Point2D(-1/2, 0)
INFO:root:  ! Point2D(-1/2, 0) found at index: 0
INFO:root:* add_point: Point2D(0, -sqrt(7)/2)
INFO:root:  + Point2D(0, -sqrt(7)/2)
INFO:root:* add_point: Point2D(0, sqrt(7)/2)
INFO:root:  + Point2D(0, sqrt(7)/2)
INFO:root:* add_point: Point2D(1/2, sqrt(3))
INFO:root:  + Point2D(1/2, sqrt(3))
INFO:root:* add_point: Point2D(1/2, -sqrt(3))
INFO:root:  + Point2D(1/2, -sqrt(3))
INFO:root:    > diff: -y**2 + y - (x - 3/2)**2 + 4
INFO:root:  + Circle(Point2D(3/2, 0), 2)
INFO:root:* add_element: Line2D(Point2D(1/2, sqrt(3)), Point2D(1/2, -sqrt(3)))
INFO:root:* add_intersection_points: Line2D(Point2D(1/2, sqrt(3)), Point2D(1/2, -sqrt(3)))
INFO:root:* add_point: Point2D(1/2, 0)
INFO:root:  ! Point2D(1/2, 0) found at index: 1
INFO:root:* add_point: Point2D(1/2, 0)
INFO:root:  ! Point2D(1/2, 0) found at index: 1
INFO:root:* add_point: Point2D(1/2, -1)
INFO:root:  + Point2D(1/2, -1)
INFO:root:* add_point: Point2D(1/2, 1)
INFO:root:  + Point2D(1/2, 1)
INFO:root:* add_point: Point2D(1/2, sqrt(3))
INFO:root:  ! Point2D(1/2, sqrt(3)) found at index: 15
INFO:root:* add_point: Point2D(1/2, -sqrt(3))
INFO:root:  ! Point2D(1/2, -sqrt(3)) found at index: 16
INFO:root:* add_point: Point2D(1/2, sqrt(3))
INFO:root:  ! Point2D(1/2, sqrt(3)) found at index: 15
INFO:root:* add_point: Point2D(1/2, -sqrt(3))
INFO:root:  ! Point2D(1/2, -sqrt(3)) found at index: 16
INFO:root:    > diff: -x + y + 1/2
INFO:root:  + Line2D(Point2D(1/2, sqrt(3)), Point2D(1/2, -sqrt(3)))
INFO:root:* add_element: Line2D(Point2D(1/2, 0), Point2D(-3/2, 0))
INFO:root:* add_intersection_points: Line2D(Point2D(1/2, 0), Point2D(-3/2, 0))
INFO:root:* add_point: Line2D(Point2D(-1/2, 0), Point2D(1/2, 0))
INFO:root:* add_point: Point2D(-3/2, 0)
INFO:root:  ! Point2D(-3/2, 0) found at index: 2
INFO:root:* add_point: Point2D(1/2, 0)
INFO:root:  ! Point2D(1/2, 0) found at index: 1
INFO:root:* add_point: Point2D(-1/2, 0)
INFO:root:  ! Point2D(-1/2, 0) found at index: 0
INFO:root:* add_point: Point2D(3/2, 0)
INFO:root:  ! Point2D(3/2, 0) found at index: 3
INFO:root:* add_point: Point2D(0, 0)
INFO:root:  ! Point2D(0, 0) found at index: 6
INFO:root:* add_point: Point2D(-5/2, 0)
INFO:root:  ! Point2D(-5/2, 0) found at index: 7
INFO:root:* add_point: Point2D(3/2, 0)
INFO:root:  ! Point2D(3/2, 0) found at index: 3
INFO:root:* add_point: Point2D(-1/2, 0)
INFO:root:  ! Point2D(-1/2, 0) found at index: 0
INFO:root:* add_point: Point2D(7/2, 0)
INFO:root:  ! Point2D(7/2, 0) found at index: 10
INFO:root:* add_point: Point2D(1/2, 0)
INFO:root:  ! Point2D(1/2, 0) found at index: 1
INFO:root:    > diff: 0
INFO:root:
            ! COINCIDENT
                Line2D(Point2D(1/2, 0), Point2D(-3/2, 0))
                Line2D(Point2D(-1/2, 0), Point2D(1/2, 0))
                
INFO:root:* add_element: Circle(Point2D(1/2, 0), 2)
INFO:root:* add_intersection_points: Circle(Point2D(1/2, 0), 2)
INFO:root:* add_point: Point2D(-3/2, 0)
INFO:root:  ! Point2D(-3/2, 0) found at index: 2
INFO:root:* add_point: Point2D(5/2, 0)
INFO:root:  + Point2D(5/2, 0)
INFO:root:* add_point: Point2D(-3/2, 0)
INFO:root:  ! Point2D(-3/2, 0) found at index: 2
INFO:root:* add_point: Point2D(0, -sqrt(15)/2)
INFO:root:  ! Point2D(0, -sqrt(15)/2) found at index: 8
INFO:root:* add_point: Point2D(0, sqrt(15)/2)
INFO:root:  ! Point2D(0, sqrt(15)/2) found at index: 9
INFO:root:* add_point: Point2D(0, -sqrt(15)/2)
INFO:root:  ! Point2D(0, -sqrt(15)/2) found at index: 8
INFO:root:* add_point: Point2D(0, sqrt(15)/2)
INFO:root:  ! Point2D(0, sqrt(15)/2) found at index: 9
INFO:root:* add_point: Point2D(1, -sqrt(15)/2)
INFO:root:  + Point2D(1, -sqrt(15)/2)
INFO:root:* add_point: Point2D(1, sqrt(15)/2)
INFO:root:  + Point2D(1, sqrt(15)/2)
INFO:root:* add_point: Point2D(1/2, -2)
INFO:root:  + Point2D(1/2, -2)
INFO:root:* add_point: Point2D(1/2, 2)
INFO:root:  + Point2D(1/2, 2)
INFO:root:    > diff: -y**2 + y - (x - 1/2)**2 + 4
INFO:root:  + Circle(Point2D(1/2, 0), 2)
INFO:root:* add_element: Circle(Point2D(-3/2, 0), 2)
INFO:root:* add_intersection_points: Circle(Point2D(-3/2, 0), 2)
INFO:root:* add_point: Point2D(-7/2, 0)
INFO:root:  + Point2D(-7/2, 0)
INFO:root:* add_point: Point2D(1/2, 0)
INFO:root:  ! Point2D(1/2, 0) found at index: 1
INFO:root:* add_point: Point2D(1/2, 0)
INFO:root:  ! Point2D(1/2, 0) found at index: 1
INFO:root:* add_point: Point2D(1/4, -sqrt(15)/4)
INFO:root:  + Point2D(1/4, -sqrt(15)/4)
INFO:root:* add_point: Point2D(1/4, sqrt(15)/4)
INFO:root:  + Point2D(1/4, sqrt(15)/4)
INFO:root:* add_point: Point2D(0, -sqrt(7)/2)
INFO:root:  ! Point2D(0, -sqrt(7)/2) found at index: 13
INFO:root:* add_point: Point2D(0, sqrt(7)/2)
INFO:root:  ! Point2D(0, sqrt(7)/2) found at index: 14
INFO:root:* add_point: Point2D(-1, -sqrt(15)/2)
INFO:root:  + Point2D(-1, -sqrt(15)/2)
INFO:root:* add_point: Point2D(-1, sqrt(15)/2)
INFO:root:  + Point2D(-1, sqrt(15)/2)
INFO:root:* add_point: Point2D(0, -sqrt(7)/2)
INFO:root:  ! Point2D(0, -sqrt(7)/2) found at index: 13
INFO:root:* add_point: Point2D(0, sqrt(7)/2)
INFO:root:  ! Point2D(0, sqrt(7)/2) found at index: 14
INFO:root:* add_point: Point2D(1/2, 0)
INFO:root:  ! Point2D(1/2, 0) found at index: 1
INFO:root:* add_point: Point2D(-1/2, sqrt(3))
INFO:root:  + Point2D(-1/2, sqrt(3))
INFO:root:* add_point: Point2D(-1/2, -sqrt(3))
INFO:root:  + Point2D(-1/2, -sqrt(3))
INFO:root:    > diff: -y**2 + y - (x + 3/2)**2 + 4
INFO:root:  + Circle(Point2D(-3/2, 0), 2)
INFO:root:* add_element: Line2D(Point2D(-1/2, sqrt(3)), Point2D(-1/2, -sqrt(3)))
INFO:root:* add_intersection_points: Line2D(Point2D(-1/2, sqrt(3)), Point2D(-1/2, -sqrt(3)))
INFO:root:* add_point: Point2D(-1/2, 0)
INFO:root:  ! Point2D(-1/2, 0) found at index: 0
INFO:root:* add_point: Point2D(-1/2, -1)
INFO:root:  + Point2D(-1/2, -1)
INFO:root:* add_point: Point2D(-1/2, 1)
INFO:root:  + Point2D(-1/2, 1)
INFO:root:* add_point: Point2D(-1/2, 0)
INFO:root:  ! Point2D(-1/2, 0) found at index: 0
INFO:root:* add_point: Point2D(-1/2, -2)
INFO:root:  + Point2D(-1/2, -2)
INFO:root:* add_point: Point2D(-1/2, 2)
INFO:root:  + Point2D(-1/2, 2)
INFO:root:* add_point: Point2D(-1/2, 0)
INFO:root:  ! Point2D(-1/2, 0) found at index: 0
INFO:root:* add_point: Point2D(-1/2, sqrt(3))
INFO:root:  ! Point2D(-1/2, sqrt(3)) found at index: 29
INFO:root:* add_point: Point2D(-1/2, -sqrt(3))
INFO:root:  ! Point2D(-1/2, -sqrt(3)) found at index: 30
INFO:root:* add_point: Point2D(-1/2, sqrt(3))
INFO:root:  ! Point2D(-1/2, sqrt(3)) found at index: 29
INFO:root:* add_point: Point2D(-1/2, -sqrt(3))
INFO:root:  ! Point2D(-1/2, -sqrt(3)) found at index: 30
INFO:root:    > diff: -x + y - 1/2
INFO:root:  + Line2D(Point2D(-1/2, sqrt(3)), Point2D(-1/2, -sqrt(3)))
