INFO:root:Init root5
INFO:root:* add_point: Point2D(-1/2, 0)
INFO:root:  + Point2D(-1/2, 0)
INFO:root:* add_point: Point2D(1/2, 0)
INFO:root:  + Point2D(1/2, 0)
INFO:root:* add_element: Line2D(Point2D(-1/2, 0), Point2D(1/2, 0))
INFO:root:* add_intersection_points: Line2D(Point2D(-1/2, 0), Point2D(1/2, 0))
INFO:root:  + Line2D(Point2D(-1/2, 0), Point2D(1/2, 0))
INFO:root:* add_element: Circle(Point2D(-1/2, 0), 1)
INFO:root:* add_intersection_points: Circle(Point2D(-1/2, 0), 1)
INFO:root:* add_point: Point2D(-3/2, 0)
INFO:root:  + Point2D(-3/2, 0)
INFO:root:* add_point: Point2D(1/2, 0)
INFO:root:  ! Point2D(1/2, 0) found at index: 1
INFO:root:  + Circle(Point2D(-1/2, 0), 1)
INFO:root:* add_element: Circle(Point2D(1/2, 0), 1)
INFO:root:* add_intersection_points: Circle(Point2D(1/2, 0), 1)
INFO:root:* add_point: Point2D(-1/2, 0)
INFO:root:  ! Point2D(-1/2, 0) found at index: 0
INFO:root:* add_point: Point2D(3/2, 0)
INFO:root:  + Point2D(3/2, 0)
INFO:root:* add_point: Point2D(0, -sqrt(3)/2)
INFO:root:  + Point2D(0, -sqrt(3)/2)
INFO:root:* add_point: Point2D(0, sqrt(3)/2)
INFO:root:  + Point2D(0, sqrt(3)/2)
INFO:root:  + Circle(Point2D(1/2, 0), 1)
INFO:root:* add_element: Line2D(Point2D(0, sqrt(3)/2), Point2D(0, -sqrt(3)/2))
INFO:root:* add_intersection_points: Line2D(Point2D(0, sqrt(3)/2), Point2D(0, -sqrt(3)/2))
INFO:root:* add_point: Point2D(0, 0)
INFO:root:  + Point2D(0, 0)
INFO:root:* add_point: Point2D(0, -sqrt(3)/2)
INFO:root:  ! Point2D(0, -sqrt(3)/2) found at index: 4
INFO:root:* add_point: Point2D(0, sqrt(3)/2)
INFO:root:  ! Point2D(0, sqrt(3)/2) found at index: 5
INFO:root:* add_point: Point2D(0, -sqrt(3)/2)
INFO:root:  ! Point2D(0, -sqrt(3)/2) found at index: 4
INFO:root:* add_point: Point2D(0, sqrt(3)/2)
INFO:root:  ! Point2D(0, sqrt(3)/2) found at index: 5
INFO:root:  + Line2D(Point2D(0, sqrt(3)/2), Point2D(0, -sqrt(3)/2))
INFO:root:* add_element: Line2D(Point2D(-1/2, 0), Point2D(3/2, 0))
INFO:root:* add_intersection_points: Line2D(Point2D(-1/2, 0), Point2D(3/2, 0))
INFO:root:* add_point: Line2D(Point2D(-1/2, 0), Point2D(1/2, 0))
INFO:root:* add_point: Point2D(-3/2, 0)
INFO:root:  ! Point2D(-3/2, 0) found at index: 2
INFO:root:* add_point: Point2D(1/2, 0)
INFO:root:  ! Point2D(1/2, 0) found at index: 1
INFO:root:* add_point: Point2D(-1/2, 0)
INFO:root:  ! Point2D(-1/2, 0) found at index: 0
INFO:root:* add_point: Point2D(3/2, 0)
INFO:root:  ! Point2D(3/2, 0) found at index: 3
INFO:root:* add_point: Point2D(0, 0)
INFO:root:  ! Point2D(0, 0) found at index: 6
INFO:root:
            ! COINCIDENT
                Line2D(Point2D(-1/2, 0), Point2D(3/2, 0))
                Line2D(Point2D(-1/2, 0), Point2D(1/2, 0))
                
INFO:root:* add_element: Circle(Point2D(-1/2, 0), 2)
INFO:root:* add_intersection_points: Circle(Point2D(-1/2, 0), 2)
INFO:root:* add_point: Point2D(-5/2, 0)
INFO:root:  + Point2D(-5/2, 0)
INFO:root:* add_point: Point2D(3/2, 0)
INFO:root:  ! Point2D(3/2, 0) found at index: 3
INFO:root:* add_point: Point2D(3/2, 0)
INFO:root:  ! Point2D(3/2, 0) found at index: 3
INFO:root:* add_point: Point2D(0, -sqrt(15)/2)
INFO:root:  + Point2D(0, -sqrt(15)/2)
INFO:root:* add_point: Point2D(0, sqrt(15)/2)
INFO:root:  + Point2D(0, sqrt(15)/2)
INFO:root:  + Circle(Point2D(-1/2, 0), 2)
INFO:root:* add_element: Circle(Point2D(3/2, 0), 2)
INFO:root:* add_intersection_points: Circle(Point2D(3/2, 0), 2)
INFO:root:* add_point: Point2D(-1/2, 0)
INFO:root:  ! Point2D(-1/2, 0) found at index: 0
INFO:root:* add_point: Point2D(7/2, 0)
INFO:root:  + Point2D(7/2, 0)
INFO:root:* add_point: Point2D(-1/4, -sqrt(15)/4)
INFO:root:  + Point2D(-1/4, -sqrt(15)/4)
INFO:root:* add_point: Point2D(-1/4, sqrt(15)/4)
INFO:root:  + Point2D(-1/4, sqrt(15)/4)
INFO:root:* add_point: Point2D(-1/2, 0)
INFO:root:  ! Point2D(-1/2, 0) found at index: 0
INFO:root:* add_point: Point2D(0, -sqrt(7)/2)
INFO:root:  + Point2D(0, -sqrt(7)/2)
INFO:root:* add_point: Point2D(0, sqrt(7)/2)
INFO:root:  + Point2D(0, sqrt(7)/2)
INFO:root:* add_point: Point2D(1/2, sqrt(3))
INFO:root:  + Point2D(1/2, sqrt(3))
INFO:root:* add_point: Point2D(1/2, -sqrt(3))
INFO:root:  + Point2D(1/2, -sqrt(3))
INFO:root:  + Circle(Point2D(3/2, 0), 2)
INFO:root:* add_element: Line2D(Point2D(1/2, -sqrt(3)), Point2D(1/2, sqrt(3)))
INFO:root:* add_intersection_points: Line2D(Point2D(1/2, -sqrt(3)), Point2D(1/2, sqrt(3)))
INFO:root:* add_point: Point2D(1/2, 0)
INFO:root:  ! Point2D(1/2, 0) found at index: 1
INFO:root:* add_point: Point2D(1/2, 0)
INFO:root:  ! Point2D(1/2, 0) found at index: 1
INFO:root:* add_point: Point2D(1/2, -1)
INFO:root:  + Point2D(1/2, -1)
INFO:root:* add_point: Point2D(1/2, 1)
INFO:root:  + Point2D(1/2, 1)
INFO:root:* add_point: Point2D(1/2, sqrt(3))
INFO:root:  ! Point2D(1/2, sqrt(3)) found at index: 15
INFO:root:* add_point: Point2D(1/2, -sqrt(3))
INFO:root:  ! Point2D(1/2, -sqrt(3)) found at index: 16
INFO:root:* add_point: Point2D(1/2, sqrt(3))
INFO:root:  ! Point2D(1/2, sqrt(3)) found at index: 15
INFO:root:* add_point: Point2D(1/2, -sqrt(3))
INFO:root:  ! Point2D(1/2, -sqrt(3)) found at index: 16
INFO:root:  + Line2D(Point2D(1/2, -sqrt(3)), Point2D(1/2, sqrt(3)))
INFO:root:* add_element: Line2D(Point2D(1/2, 0), Point2D(-3/2, 0))
INFO:root:* add_intersection_points: Line2D(Point2D(1/2, 0), Point2D(-3/2, 0))
INFO:root:* add_point: Line2D(Point2D(-1/2, 0), Point2D(1/2, 0))
INFO:root:* add_point: Point2D(-3/2, 0)
INFO:root:  ! Point2D(-3/2, 0) found at index: 2
INFO:root:* add_point: Point2D(1/2, 0)
INFO:root:  ! Point2D(1/2, 0) found at index: 1
INFO:root:* add_point: Point2D(-1/2, 0)
INFO:root:  ! Point2D(-1/2, 0) found at index: 0
INFO:root:* add_point: Point2D(3/2, 0)
INFO:root:  ! Point2D(3/2, 0) found at index: 3
INFO:root:* add_point: Point2D(0, 0)
INFO:root:  ! Point2D(0, 0) found at index: 6
INFO:root:* add_point: Point2D(-5/2, 0)
INFO:root:  ! Point2D(-5/2, 0) found at index: 7
INFO:root:* add_point: Point2D(3/2, 0)
INFO:root:  ! Point2D(3/2, 0) found at index: 3
INFO:root:* add_point: Point2D(-1/2, 0)
INFO:root:  ! Point2D(-1/2, 0) found at index: 0
INFO:root:* add_point: Point2D(7/2, 0)
INFO:root:  ! Point2D(7/2, 0) found at index: 10
INFO:root:* add_point: Point2D(1/2, 0)
INFO:root:  ! Point2D(1/2, 0) found at index: 1
INFO:root:
            ! COINCIDENT
                Line2D(Point2D(1/2, 0), Point2D(-3/2, 0))
                Line2D(Point2D(-1/2, 0), Point2D(1/2, 0))
                
INFO:root:* add_element: Circle(Point2D(1/2, 0), 2)
INFO:root:* add_intersection_points: Circle(Point2D(1/2, 0), 2)
INFO:root:* add_point: Point2D(-3/2, 0)
INFO:root:  ! Point2D(-3/2, 0) found at index: 2
INFO:root:* add_point: Point2D(5/2, 0)
INFO:root:  + Point2D(5/2, 0)
INFO:root:* add_point: Point2D(-3/2, 0)
INFO:root:  ! Point2D(-3/2, 0) found at index: 2
INFO:root:* add_point: Point2D(0, -sqrt(15)/2)
INFO:root:  ! Point2D(0, -sqrt(15)/2) found at index: 8
INFO:root:* add_point: Point2D(0, sqrt(15)/2)
INFO:root:  ! Point2D(0, sqrt(15)/2) found at index: 9
INFO:root:* add_point: Point2D(0, -sqrt(15)/2)
INFO:root:  ! Point2D(0, -sqrt(15)/2) found at index: 8
INFO:root:* add_point: Point2D(0, sqrt(15)/2)
INFO:root:  ! Point2D(0, sqrt(15)/2) found at index: 9
INFO:root:* add_point: Point2D(1, -sqrt(15)/2)
INFO:root:  + Point2D(1, -sqrt(15)/2)
INFO:root:* add_point: Point2D(1, sqrt(15)/2)
INFO:root:  + Point2D(1, sqrt(15)/2)
INFO:root:* add_point: Point2D(1/2, -2)
INFO:root:  + Point2D(1/2, -2)
INFO:root:* add_point: Point2D(1/2, 2)
INFO:root:  + Point2D(1/2, 2)
INFO:root:  + Circle(Point2D(1/2, 0), 2)
INFO:root:* add_element: Circle(Point2D(-3/2, 0), 2)
INFO:root:* add_intersection_points: Circle(Point2D(-3/2, 0), 2)
INFO:root:* add_point: Point2D(-7/2, 0)
INFO:root:  + Point2D(-7/2, 0)
INFO:root:* add_point: Point2D(1/2, 0)
INFO:root:  ! Point2D(1/2, 0) found at index: 1
INFO:root:* add_point: Point2D(1/2, 0)
INFO:root:  ! Point2D(1/2, 0) found at index: 1
INFO:root:* add_point: Point2D(1/4, -sqrt(15)/4)
INFO:root:  + Point2D(1/4, -sqrt(15)/4)
INFO:root:* add_point: Point2D(1/4, sqrt(15)/4)
INFO:root:  + Point2D(1/4, sqrt(15)/4)
INFO:root:* add_point: Point2D(0, -sqrt(7)/2)
INFO:root:  ! Point2D(0, -sqrt(7)/2) found at index: 13
INFO:root:* add_point: Point2D(0, sqrt(7)/2)
INFO:root:  ! Point2D(0, sqrt(7)/2) found at index: 14
INFO:root:* add_point: Point2D(-1, -sqrt(15)/2)
INFO:root:  + Point2D(-1, -sqrt(15)/2)
INFO:root:* add_point: Point2D(-1, sqrt(15)/2)
INFO:root:  + Point2D(-1, sqrt(15)/2)
INFO:root:* add_point: Point2D(0, -sqrt(7)/2)
INFO:root:  ! Point2D(0, -sqrt(7)/2) found at index: 13
INFO:root:* add_point: Point2D(0, sqrt(7)/2)
INFO:root:  ! Point2D(0, sqrt(7)/2) found at index: 14
INFO:root:* add_point: Point2D(1/2, 0)
INFO:root:  ! Point2D(1/2, 0) found at index: 1
INFO:root:* add_point: Point2D(-1/2, sqrt(3))
INFO:root:  + Point2D(-1/2, sqrt(3))
INFO:root:* add_point: Point2D(-1/2, -sqrt(3))
INFO:root:  + Point2D(-1/2, -sqrt(3))
INFO:root:  + Circle(Point2D(-3/2, 0), 2)
INFO:root:* add_element: Line2D(Point2D(-1/2, -sqrt(3)), Point2D(-1/2, sqrt(3)))
INFO:root:* add_intersection_points: Line2D(Point2D(-1/2, -sqrt(3)), Point2D(-1/2, sqrt(3)))
INFO:root:* add_point: Point2D(-1/2, 0)
INFO:root:  ! Point2D(-1/2, 0) found at index: 0
INFO:root:* add_point: Point2D(-1/2, -1)
INFO:root:  + Point2D(-1/2, -1)
INFO:root:* add_point: Point2D(-1/2, 1)
INFO:root:  + Point2D(-1/2, 1)
INFO:root:* add_point: Point2D(-1/2, 0)
INFO:root:  ! Point2D(-1/2, 0) found at index: 0
INFO:root:* add_point: Point2D(-1/2, -2)
INFO:root:  + Point2D(-1/2, -2)
INFO:root:* add_point: Point2D(-1/2, 2)
INFO:root:  + Point2D(-1/2, 2)
INFO:root:* add_point: Point2D(-1/2, 0)
INFO:root:  ! Point2D(-1/2, 0) found at index: 0
INFO:root:* add_point: Point2D(-1/2, sqrt(3))
INFO:root:  ! Point2D(-1/2, sqrt(3)) found at index: 29
INFO:root:* add_point: Point2D(-1/2, -sqrt(3))
INFO:root:  ! Point2D(-1/2, -sqrt(3)) found at index: 30
INFO:root:* add_point: Point2D(-1/2, sqrt(3))
INFO:root:  ! Point2D(-1/2, sqrt(3)) found at index: 29
INFO:root:* add_point: Point2D(-1/2, -sqrt(3))
INFO:root:  ! Point2D(-1/2, -sqrt(3)) found at index: 30
INFO:root:  + Line2D(Point2D(-1/2, -sqrt(3)), Point2D(-1/2, sqrt(3)))
INFO:root:* add_element: Circle(Point2D(0, 0), 1/2)
INFO:root:* add_intersection_points: Circle(Point2D(0, 0), 1/2)
INFO:root:* add_point: Point2D(-1/2, 0)
INFO:root:  ! Point2D(-1/2, 0) found at index: 0
INFO:root:* add_point: Point2D(1/2, 0)
INFO:root:  ! Point2D(1/2, 0) found at index: 1
INFO:root:* add_point: Point2D(1/2, 0)
INFO:root:  ! Point2D(1/2, 0) found at index: 1
INFO:root:* add_point: Point2D(-1/2, 0)
INFO:root:  ! Point2D(-1/2, 0) found at index: 0
INFO:root:* add_point: Point2D(0, -1/2)
INFO:root:  + Point2D(0, -1/2)
INFO:root:* add_point: Point2D(0, 1/2)
INFO:root:  + Point2D(0, 1/2)
INFO:root:* add_point: Point2D(-1/2, 0)
INFO:root:  ! Point2D(-1/2, 0) found at index: 0
INFO:root:* add_point: Point2D(1/2, 0)
INFO:root:  ! Point2D(1/2, 0) found at index: 1
INFO:root:* add_point: Point2D(1/2, 0)
INFO:root:  ! Point2D(1/2, 0) found at index: 1
INFO:root:* add_point: Point2D(-1/2, 0)
INFO:root:  ! Point2D(-1/2, 0) found at index: 0
INFO:root:  + Circle(Point2D(0, 0), 1/2)
INFO:root:* add_element: Circle(Point2D(0, 0), sqrt(5)/2)
INFO:root:* add_intersection_points: Circle(Point2D(0, 0), sqrt(5)/2)
INFO:root:* add_point: Point2D(-sqrt(5)/2, 0)
INFO:root:  + Point2D(-sqrt(5)/2, 0)
INFO:root:* add_point: Point2D(sqrt(5)/2, 0)
INFO:root:  + Point2D(sqrt(5)/2, 0)
INFO:root:* add_point: Point2D(-1/2, -1)
INFO:root:  ! Point2D(-1/2, -1) found at index: 31
INFO:root:* add_point: Point2D(-1/2, 1)
INFO:root:  ! Point2D(-1/2, 1) found at index: 32
INFO:root:* add_point: Point2D(1/2, -1)
INFO:root:  ! Point2D(1/2, -1) found at index: 17
INFO:root:* add_point: Point2D(1/2, 1)
INFO:root:  ! Point2D(1/2, 1) found at index: 18
INFO:root:* add_point: Point2D(0, -sqrt(5)/2)
INFO:root:  + Point2D(0, -sqrt(5)/2)
INFO:root:* add_point: Point2D(0, sqrt(5)/2)
INFO:root:  + Point2D(0, sqrt(5)/2)
INFO:root:* add_point: Point2D(-1/6, -sqrt(11)/3)
INFO:root:  + Point2D(-1/6, -sqrt(11)/3)
INFO:root:* add_point: Point2D(-1/6, sqrt(11)/3)
INFO:root:  + Point2D(-1/6, sqrt(11)/3)
INFO:root:* add_point: Point2D(1/2, -1)
INFO:root:  ! Point2D(1/2, -1) found at index: 17
INFO:root:* add_point: Point2D(1/2, 1)
INFO:root:  ! Point2D(1/2, 1) found at index: 18
INFO:root:* add_point: Point2D(1/6, -sqrt(11)/3)
INFO:root:  + Point2D(1/6, -sqrt(11)/3)
INFO:root:* add_point: Point2D(1/6, sqrt(11)/3)
INFO:root:  + Point2D(1/6, sqrt(11)/3)
INFO:root:* add_point: Point2D(-1/2, -1)
INFO:root:  ! Point2D(-1/2, -1) found at index: 31
INFO:root:* add_point: Point2D(-1/2, 1)
INFO:root:  ! Point2D(-1/2, 1) found at index: 32
INFO:root:  + Circle(Point2D(0, 0), sqrt(5)/2)
INFO:root:* add_element: Circle(Point2D(-1/2, 0), 1/2 + sqrt(5)/2)
INFO:root:* add_intersection_points: Circle(Point2D(-1/2, 0), 1/2 + sqrt(5)/2)
INFO:root:* add_point: Point2D(-1/2 + sqrt(2)*sqrt(sqrt(5) + 3)/2, 0)
INFO:root:  + Point2D(-1/2 + sqrt(2)*sqrt(sqrt(5) + 3)/2, 0)
INFO:root:* add_point: Point2D(-sqrt(2)*sqrt(sqrt(5) + 3)/2 - 1/2, 0)
INFO:root:  + Point2D(-sqrt(2)*sqrt(sqrt(5) + 3)/2 - 1/2, 0)
INFO:root:* add_point: Point2D(1/4 + sqrt(5)/4, sqrt(sqrt(5)/8 + 5/8))
INFO:root:  + Point2D(1/4 + sqrt(5)/4, sqrt(sqrt(5)/8 + 5/8))
INFO:root:* add_point: Point2D(1/4 + sqrt(5)/4, -sqrt(sqrt(5)/8 + 5/8))
INFO:root:  + Point2D(1/4 + sqrt(5)/4, -sqrt(sqrt(5)/8 + 5/8))
INFO:root:* add_point: Point2D(0, sqrt(sqrt(5)/2 + 5/4))
INFO:root:  + Point2D(0, sqrt(sqrt(5)/2 + 5/4))
INFO:root:* add_point: Point2D(0, -sqrt(sqrt(5)/2 + 5/4))
INFO:root:  + Point2D(0, -sqrt(sqrt(5)/2 + 5/4))
INFO:root:* add_point: Point2D(-1/8 + sqrt(5)/8, sqrt(13*sqrt(5)/32 + 41/32))
INFO:root:  + Point2D(-1/8 + sqrt(5)/8, sqrt(13*sqrt(5)/32 + 41/32))
INFO:root:* add_point: Point2D(-1/8 + sqrt(5)/8, -sqrt(13*sqrt(5)/32 + 41/32))
INFO:root:  + Point2D(-1/8 + sqrt(5)/8, -sqrt(13*sqrt(5)/32 + 41/32))
INFO:root:* add_point: Point2D(1/2, sqrt(1/2 + sqrt(5)/2))
INFO:root:  + Point2D(1/2, sqrt(1/2 + sqrt(5)/2))
INFO:root:* add_point: Point2D(1/2, -sqrt(1/2 + sqrt(5)/2))
INFO:root:  + Point2D(1/2, -sqrt(1/2 + sqrt(5)/2))
INFO:root:* add_point: Point2D(-5/4 + sqrt(5)/4, sqrt(5/8 + 7*sqrt(5)/8))
INFO:root:  + Point2D(-5/4 + sqrt(5)/4, sqrt(5/8 + 7*sqrt(5)/8))
INFO:root:* add_point: Point2D(-5/4 + sqrt(5)/4, -sqrt(5/8 + 7*sqrt(5)/8))
INFO:root:  + Point2D(-5/4 + sqrt(5)/4, -sqrt(5/8 + 7*sqrt(5)/8))
INFO:root:* add_point: Point2D(1/4 - sqrt(5)/4, sqrt(5/8 + 7*sqrt(5)/8))
INFO:root:  + Point2D(1/4 - sqrt(5)/4, sqrt(5/8 + 7*sqrt(5)/8))
INFO:root:* add_point: Point2D(1/4 - sqrt(5)/4, -sqrt(5/8 + 7*sqrt(5)/8))
INFO:root:  + Point2D(1/4 - sqrt(5)/4, -sqrt(5/8 + 7*sqrt(5)/8))
INFO:root:* add_point: Point2D(-1/2, sqrt(sqrt(5)/2 + 3/2))
INFO:root:  + Point2D(-1/2, sqrt(sqrt(5)/2 + 3/2))
INFO:root:* add_point: Point2D(-1/2, -sqrt(sqrt(5)/2 + 3/2))
INFO:root:  + Point2D(-1/2, -sqrt(sqrt(5)/2 + 3/2))
INFO:root:* add_point: Point2D(sqrt(5)/2, 0)
INFO:root:  ! Point2D(sqrt(5)/2, 0) found at index: 38
INFO:root:  + Circle(Point2D(-1/2, 0), 1/2 + sqrt(5)/2)
INFO:root:* add_element: Circle(Point2D(1/2, 0), 1/2 + sqrt(5)/2)
INFO:root:* add_intersection_points: Circle(Point2D(1/2, 0), 1/2 + sqrt(5)/2)
INFO:root:* add_point: Point2D(1/2 + sqrt(2)*sqrt(sqrt(5) + 3)/2, 0)
INFO:root:  + Point2D(1/2 + sqrt(2)*sqrt(sqrt(5) + 3)/2, 0)
INFO:root:* add_point: Point2D(-sqrt(2)*sqrt(sqrt(5) + 3)/2 + 1/2, 0)
INFO:root:  + Point2D(-sqrt(2)*sqrt(sqrt(5) + 3)/2 + 1/2, 0)
INFO:root:* add_point: Point2D(-sqrt(5)/4 - 1/4, sqrt(sqrt(5)/8 + 5/8))
INFO:root:  + Point2D(-sqrt(5)/4 - 1/4, sqrt(sqrt(5)/8 + 5/8))
INFO:root:* add_point: Point2D(-sqrt(5)/4 - 1/4, -sqrt(sqrt(5)/8 + 5/8))
INFO:root:  + Point2D(-sqrt(5)/4 - 1/4, -sqrt(sqrt(5)/8 + 5/8))
INFO:root:* add_point: Point2D(0, sqrt(sqrt(5)/2 + 5/4))
INFO:root:  ! Point2D(0, sqrt(sqrt(5)/2 + 5/4)) found at index: 49
INFO:root:* add_point: Point2D(0, -sqrt(sqrt(5)/2 + 5/4))
INFO:root:  ! Point2D(0, -sqrt(sqrt(5)/2 + 5/4)) found at index: 50
INFO:root:* add_point: Point2D(5/4 - sqrt(5)/4, sqrt(5/8 + 7*sqrt(5)/8))
INFO:root:  + Point2D(5/4 - sqrt(5)/4, sqrt(5/8 + 7*sqrt(5)/8))
INFO:root:* add_point: Point2D(5/4 - sqrt(5)/4, -sqrt(5/8 + 7*sqrt(5)/8))
INFO:root:  + Point2D(5/4 - sqrt(5)/4, -sqrt(5/8 + 7*sqrt(5)/8))
INFO:root:* add_point: Point2D(-1/4 + sqrt(5)/4, sqrt(5/8 + 7*sqrt(5)/8))
INFO:root:  + Point2D(-1/4 + sqrt(5)/4, sqrt(5/8 + 7*sqrt(5)/8))
INFO:root:* add_point: Point2D(-1/4 + sqrt(5)/4, -sqrt(5/8 + 7*sqrt(5)/8))
INFO:root:  + Point2D(-1/4 + sqrt(5)/4, -sqrt(5/8 + 7*sqrt(5)/8))
INFO:root:* add_point: Point2D(1/2, sqrt(sqrt(5)/2 + 3/2))
INFO:root:  + Point2D(1/2, sqrt(sqrt(5)/2 + 3/2))
INFO:root:* add_point: Point2D(1/2, -sqrt(sqrt(5)/2 + 3/2))
INFO:root:  + Point2D(1/2, -sqrt(sqrt(5)/2 + 3/2))
INFO:root:* add_point: Point2D(1/8 - sqrt(5)/8, sqrt(13*sqrt(5)/32 + 41/32))
INFO:root:  + Point2D(1/8 - sqrt(5)/8, sqrt(13*sqrt(5)/32 + 41/32))
INFO:root:* add_point: Point2D(1/8 - sqrt(5)/8, -sqrt(13*sqrt(5)/32 + 41/32))
INFO:root:  + Point2D(1/8 - sqrt(5)/8, -sqrt(13*sqrt(5)/32 + 41/32))
INFO:root:* add_point: Point2D(-1/2, sqrt(1/2 + sqrt(5)/2))
INFO:root:  + Point2D(-1/2, sqrt(1/2 + sqrt(5)/2))
INFO:root:* add_point: Point2D(-1/2, -sqrt(1/2 + sqrt(5)/2))
INFO:root:  + Point2D(-1/2, -sqrt(1/2 + sqrt(5)/2))
INFO:root:* add_point: Point2D(-sqrt(5)/2, 0)
INFO:root:  ! Point2D(-sqrt(5)/2, 0) found at index: 37
INFO:root:* add_point: Point2D(0, sqrt(sqrt(5)/2 + 5/4))
INFO:root:  ! Point2D(0, sqrt(sqrt(5)/2 + 5/4)) found at index: 49
INFO:root:* add_point: Point2D(0, -sqrt(sqrt(5)/2 + 5/4))
INFO:root:  ! Point2D(0, -sqrt(sqrt(5)/2 + 5/4)) found at index: 50
INFO:root:  + Circle(Point2D(1/2, 0), 1/2 + sqrt(5)/2)
INFO:root:* add_element: Circle(Point2D(-1/2, 0), -1/2 + sqrt(5)/2)
INFO:root:* add_intersection_points: Circle(Point2D(-1/2, 0), -1/2 + sqrt(5)/2)
INFO:root:* add_point: Point2D(-1/2 + sqrt(2)*sqrt(3 - sqrt(5))/2, 0)
INFO:root:  + Point2D(-1/2 + sqrt(2)*sqrt(3 - sqrt(5))/2, 0)
INFO:root:* add_point: Point2D(-sqrt(2)*sqrt(3 - sqrt(5))/2 - 1/2, 0)
INFO:root:  + Point2D(-sqrt(2)*sqrt(3 - sqrt(5))/2 - 1/2, 0)
INFO:root:* add_point: Point2D(1/4 - sqrt(5)/4, sqrt(5/8 - sqrt(5)/8))
INFO:root:  + Point2D(1/4 - sqrt(5)/4, sqrt(5/8 - sqrt(5)/8))
INFO:root:* add_point: Point2D(1/4 - sqrt(5)/4, -sqrt(5/8 - sqrt(5)/8))
INFO:root:  + Point2D(1/4 - sqrt(5)/4, -sqrt(5/8 - sqrt(5)/8))
INFO:root:* add_point: Point2D(0, sqrt(5/4 - sqrt(5)/2))
INFO:root:  + Point2D(0, sqrt(5/4 - sqrt(5)/2))
INFO:root:* add_point: Point2D(0, -sqrt(5/4 - sqrt(5)/2))
INFO:root:  + Point2D(0, -sqrt(5/4 - sqrt(5)/2))
INFO:root:* add_point: Point2D(-sqrt(5)/8 - 1/8, sqrt(41/32 - 13*sqrt(5)/32))
INFO:root:  + Point2D(-sqrt(5)/8 - 1/8, sqrt(41/32 - 13*sqrt(5)/32))
INFO:root:* add_point: Point2D(-sqrt(5)/8 - 1/8, -sqrt(41/32 - 13*sqrt(5)/32))
INFO:root:  + Point2D(-sqrt(5)/8 - 1/8, -sqrt(41/32 - 13*sqrt(5)/32))
INFO:root:* add_point: Point2D(-1/2, sqrt(3/2 - sqrt(5)/2))
INFO:root:  + Point2D(-1/2, sqrt(3/2 - sqrt(5)/2))
INFO:root:* add_point: Point2D(-1/2, -sqrt(3/2 - sqrt(5)/2))
INFO:root:  + Point2D(-1/2, -sqrt(3/2 - sqrt(5)/2))
INFO:root:* add_point: Point2D(1 - sqrt(5)/2, sqrt(-2 + sqrt(5)))
INFO:root:  + Point2D(1 - sqrt(5)/2, sqrt(-2 + sqrt(5)))
INFO:root:* add_point: Point2D(1 - sqrt(5)/2, -sqrt(-2 + sqrt(5)))
INFO:root:  + Point2D(1 - sqrt(5)/2, -sqrt(-2 + sqrt(5)))
INFO:root:* add_point: Point2D(-sqrt(5)/2, 0)
INFO:root:  ! Point2D(-sqrt(5)/2, 0) found at index: 37
INFO:root:* add_point: Point2D(-sqrt(5)/2, 0)
INFO:root:  ! Point2D(-sqrt(5)/2, 0) found at index: 37
INFO:root:  + Circle(Point2D(-1/2, 0), -1/2 + sqrt(5)/2)
INFO:root:* add_element: Circle(Point2D(1/2, 0), -1/2 + sqrt(5)/2)
INFO:root:* add_intersection_points: Circle(Point2D(1/2, 0), -1/2 + sqrt(5)/2)
INFO:root:* add_point: Point2D(1/2 + sqrt(2)*sqrt(3 - sqrt(5))/2, 0)
INFO:root:  + Point2D(1/2 + sqrt(2)*sqrt(3 - sqrt(5))/2, 0)
INFO:root:* add_point: Point2D(-sqrt(2)*sqrt(3 - sqrt(5))/2 + 1/2, 0)
INFO:root:  + Point2D(-sqrt(2)*sqrt(3 - sqrt(5))/2 + 1/2, 0)
INFO:root:* add_point: Point2D(-1/4 + sqrt(5)/4, sqrt(5/8 - sqrt(5)/8))
INFO:root:  + Point2D(-1/4 + sqrt(5)/4, sqrt(5/8 - sqrt(5)/8))
INFO:root:* add_point: Point2D(-1/4 + sqrt(5)/4, -sqrt(5/8 - sqrt(5)/8))
INFO:root:  + Point2D(-1/4 + sqrt(5)/4, -sqrt(5/8 - sqrt(5)/8))
INFO:root:* add_point: Point2D(0, sqrt(5/4 - sqrt(5)/2))
INFO:root:  ! Point2D(0, sqrt(5/4 - sqrt(5)/2)) found at index: 79
INFO:root:* add_point: Point2D(0, -sqrt(5/4 - sqrt(5)/2))
INFO:root:  ! Point2D(0, -sqrt(5/4 - sqrt(5)/2)) found at index: 80
INFO:root:* add_point: Point2D(1/2, sqrt(3/2 - sqrt(5)/2))
INFO:root:  + Point2D(1/2, sqrt(3/2 - sqrt(5)/2))
INFO:root:* add_point: Point2D(1/2, -sqrt(3/2 - sqrt(5)/2))
INFO:root:  + Point2D(1/2, -sqrt(3/2 - sqrt(5)/2))
INFO:root:* add_point: Point2D(1/8 + sqrt(5)/8, sqrt(41/32 - 13*sqrt(5)/32))
INFO:root:  + Point2D(1/8 + sqrt(5)/8, sqrt(41/32 - 13*sqrt(5)/32))
INFO:root:* add_point: Point2D(1/8 + sqrt(5)/8, -sqrt(41/32 - 13*sqrt(5)/32))
INFO:root:  + Point2D(1/8 + sqrt(5)/8, -sqrt(41/32 - 13*sqrt(5)/32))
INFO:root:* add_point: Point2D(-1 + sqrt(5)/2, sqrt(-2 + sqrt(5)))
INFO:root:  + Point2D(-1 + sqrt(5)/2, sqrt(-2 + sqrt(5)))
INFO:root:* add_point: Point2D(-1 + sqrt(5)/2, -sqrt(-2 + sqrt(5)))
INFO:root:  + Point2D(-1 + sqrt(5)/2, -sqrt(-2 + sqrt(5)))
INFO:root:* add_point: Point2D(sqrt(5)/2, 0)
INFO:root:  ! Point2D(sqrt(5)/2, 0) found at index: 38
INFO:root:* add_point: Point2D(sqrt(5)/2, 0)
INFO:root:  ! Point2D(sqrt(5)/2, 0) found at index: 38
INFO:root:* add_point: Point2D(0, sqrt(5/4 - sqrt(5)/2))
INFO:root:  ! Point2D(0, sqrt(5/4 - sqrt(5)/2)) found at index: 79
INFO:root:* add_point: Point2D(0, -sqrt(5/4 - sqrt(5)/2))
INFO:root:  ! Point2D(0, -sqrt(5/4 - sqrt(5)/2)) found at index: 80
INFO:root:  + Circle(Point2D(1/2, 0), -1/2 + sqrt(5)/2)
INFO:root:* add_point: Point2D(-1/2, 0)
INFO:root:  ! Point2D(-1/2, 0) found at index: 0
INFO:root:* add_point: Point2D(1/2, 0)
INFO:root:  ! Point2D(1/2, 0) found at index: 1
INFO:root:* add_point: Point2D(1/2, 1)
INFO:root:  ! Point2D(1/2, 1) found at index: 18
INFO:root:* add_point: Point2D(-1/2, 1)
INFO:root:  ! Point2D(-1/2, 1) found at index: 32
INFO:root:* add_point: Point2D(-1/2, -1)
INFO:root:  ! Point2D(-1/2, -1) found at index: 31
INFO:root:* add_point: Point2D(1/2, -1)
INFO:root:  ! Point2D(1/2, -1) found at index: 17
INFO:root:* add_point: Point2D(1/2, 0)
INFO:root:  ! Point2D(1/2, 0) found at index: 1
INFO:root:* add_point: Point2D(-1/2, 0)
INFO:root:  ! Point2D(-1/2, 0) found at index: 0
WARNING:matplotlib.backends.backend_webagg_core:Unhandled message type set_device_pixel_ratio. {'device_pixel_ratio': 1.2, 'type': 'set_device_pixel_ratio'}
